2024-12-25 01:16:25,167 - INFO - Opening the login page...
2024-12-25 01:16:30,415 - INFO - Entering email address...
2024-12-25 01:16:30,545 - INFO - Clicking Next button...
2024-12-25 01:16:31,435 - INFO - Waiting for OTP input field...
2024-12-25 01:16:47,341 - INFO - Entering OTP: 45193
2024-12-25 01:16:47,421 - INFO - Clicking Go button...
2024-12-25 01:16:47,479 - INFO - Login successful!
2024-12-25 01:16:47,479 - INFO - Login successful. Initializing scraper...
2024-12-25 01:16:47,483 - INFO - Filling input fields before starting the scraping...
2024-12-25 01:16:54,981 - INFO - Slept for 4.16 seconds
2024-12-25 01:16:54,997 - WARNING - Stale element reference detected on attempt 1. Retrying...
2024-12-25 01:16:56,254 - INFO - Slept for 1.26 seconds
2024-12-25 01:16:57,561 - WARNING - Stale element reference detected on attempt 2. Retrying...
2024-12-25 01:16:59,745 - INFO - Slept for 2.18 seconds
2024-12-25 01:17:01,606 - INFO - Slept for 1.74 seconds
2024-12-25 01:17:05,883 - INFO - Slept for 2.97 seconds
2024-12-25 01:17:05,909 - INFO - Successfully filled 'position' with 'Software Engineer'.
2024-12-25 01:17:07,966 - INFO - Slept for 1.97 seconds
2024-12-25 01:17:08,870 - WARNING - Stale element reference detected on attempt 1. Retrying...
2024-12-25 01:17:11,844 - INFO - Slept for 2.97 seconds
2024-12-25 01:17:13,192 - WARNING - Stale element reference detected on attempt 2. Retrying...
2024-12-25 01:17:16,034 - INFO - Slept for 2.84 seconds
2024-12-25 01:17:17,788 - INFO - Slept for 1.66 seconds
2024-12-25 01:17:20,600 - INFO - Slept for 1.46 seconds
2024-12-25 01:17:20,614 - INFO - Successfully filled 'company' with 'Google'.
2024-12-25 01:17:25,429 - INFO - Slept for 4.71 seconds
2024-12-25 01:17:26,111 - WARNING - Stale element reference detected on attempt 1. Retrying...
2024-12-25 01:17:28,107 - INFO - Slept for 2.00 seconds
2024-12-25 01:17:29,734 - WARNING - Stale element reference detected on attempt 2. Retrying...
2024-12-25 01:17:33,578 - INFO - Slept for 3.84 seconds
2024-12-25 01:17:35,879 - INFO - Slept for 2.18 seconds
2024-12-25 01:17:39,983 - INFO - Slept for 1.03 seconds
2024-12-25 01:17:40,004 - INFO - Successfully filled 'geo' with 'United States'.
2024-12-25 01:17:42,938 - INFO - Slept for 2.88 seconds
2024-12-25 01:17:46,073 - INFO - Slept for 2.82 seconds
2024-12-25 01:17:46,073 - INFO - Selected 'Information Technology and Services' for field 'industry'.
2024-12-25 01:17:52,057 - INFO - Slept for 2.82 seconds
2024-12-25 01:17:52,064 - WARNING - Attempt 1 failed for team_size due to: Message: stale element reference: stale element not found
  (Session info: chrome=131.0.6778.204); For documentation on this error, please visit: https://www.selenium.dev/documentation/webdriver/troubleshooting/errors#stale-element-reference-exception
Stacktrace:
#0 0x562bc634834a <unknown>
#1 0x562bc5e5e6e0 <unknown>
#2 0x562bc5e6ffbb <unknown>
#3 0x562bc5e6ed45 <unknown>
#4 0x562bc5e64d39 <unknown>
#5 0x562bc5e64e65 <unknown>
#6 0x562bc5e630a0 <unknown>
#7 0x562bc5e66c3e <unknown>
#8 0x562bc5ef0f6c <unknown>
#9 0x562bc5ed1462 <unknown>
#10 0x562bc5eefed7 <unknown>
#11 0x562bc5ed1203 <unknown>
#12 0x562bc5e9fcc0 <unknown>
#13 0x562bc5ea0c9e <unknown>
#14 0x562bc6315d3b <unknown>
#15 0x562bc6319cc2 <unknown>
#16 0x562bc6302b6c <unknown>
#17 0x562bc631a837 <unknown>
#18 0x562bc62e810f <unknown>
#19 0x562bc63375a8 <unknown>
#20 0x562bc6337770 <unknown>
#21 0x562bc63471c6 <unknown>
#22 0x7f5ccfa61a94 <unknown>
#23 0x7f5ccfaeec3c <unknown>

2024-12-25 01:17:54,488 - INFO - Slept for 2.42 seconds
2024-12-25 01:17:58,117 - INFO - Slept for 3.56 seconds
2024-12-25 01:18:01,080 - INFO - Slept for 2.91 seconds
2024-12-25 01:18:01,080 - INFO - Selected '10001+' for field 'team_size'.
2024-12-25 01:18:03,413 - INFO - Input fields filled and search initiated. Starting dynamic scraping...
2024-12-25 01:18:05,452 - INFO - Slept for 1.99 seconds
2024-12-25 01:18:08,496 - INFO - Slept for 2.98 seconds
2024-12-25 01:18:08,497 - INFO - Scraped data: {'Result Index': 1, 'Name': 'Aneesh Garg', 'Job Title': 'Senior Software Engineer', 'Email': 'ahidden@hidd.com', 'Company': 'Google', 'Company Info': 'Google, Information Technology And Services, 10001 people in team', 'Website Link': 'https://google.com/'}
2024-12-25 01:18:08,509 - INFO - Data successfully saved to MongoDB.
2024-12-25 01:18:08,509 - WARNING - No data to insert into MongoDB.
2024-12-25 01:18:10,213 - INFO - Slept for 1.66 seconds
2024-12-25 01:18:11,284 - INFO - Slept for 1.01 seconds
2024-12-25 01:18:11,284 - INFO - Scraped data: {'Result Index': 2, 'Name': 'Mandar Joshi', 'Job Title': 'Senior Software Engineer', 'Email': 'mhidden@hidd.com', 'Company': 'Google', 'Company Info': 'Google, Information Technology And Services, 10001 people in team', 'Website Link': 'https://google.com/'}
2024-12-25 01:18:11,285 - INFO - Data successfully saved to MongoDB.
2024-12-25 01:18:11,286 - INFO - Data successfully saved to MongoDB.
2024-12-25 01:18:11,286 - WARNING - No data to insert into MongoDB.
2024-12-25 01:18:12,544 - INFO - Slept for 1.22 seconds
2024-12-25 01:18:15,261 - INFO - Slept for 2.65 seconds
2024-12-25 01:18:15,262 - INFO - Scraped data: {'Result Index': 3, 'Name': 'Gurvinder Singh', 'Job Title': 'Software Engineering Manager', 'Email': 'shidden@hidd.com', 'Company': 'Google', 'Company Info': 'Google, Information Technology And Services, 10001 people in team', 'Website Link': 'https://google.com/'}
2024-12-25 01:18:15,263 - INFO - Data successfully saved to MongoDB.
2024-12-25 01:18:15,263 - INFO - Data successfully saved to MongoDB.
2024-12-25 01:18:15,264 - INFO - Data successfully saved to MongoDB.
2024-12-25 01:18:15,264 - WARNING - No data to insert into MongoDB.
2024-12-25 01:18:16,535 - INFO - Slept for 1.24 seconds
2024-12-25 01:18:21,542 - INFO - Slept for 4.97 seconds
2024-12-25 01:18:21,542 - INFO - Scraped data: {'Result Index': 4, 'Name': 'Atul Luykx', 'Job Title': 'Senior Software Engineer', 'Email': 'ahidden@hidd.com', 'Company': 'Google', 'Company Info': 'Google, Information Technology And Services, 10001 people in team', 'Website Link': 'https://google.com/'}
2024-12-25 01:18:21,544 - INFO - Data successfully saved to MongoDB.
2024-12-25 01:18:21,545 - INFO - Data successfully saved to MongoDB.
2024-12-25 01:18:21,545 - INFO - Data successfully saved to MongoDB.
2024-12-25 01:18:21,546 - INFO - Data successfully saved to MongoDB.
2024-12-25 01:18:21,547 - WARNING - No data to insert into MongoDB.
2024-12-25 01:18:23,951 - INFO - Slept for 2.37 seconds
2024-12-25 01:18:27,096 - INFO - Slept for 3.08 seconds
2024-12-25 01:18:27,096 - INFO - Scraped data: {'Result Index': 5, 'Name': 'Shuai Wang', 'Job Title': 'Senior Software Engineer', 'Email': 'shiddenhidd@hidden.com', 'Company': 'Google', 'Company Info': 'Google, Information Technology And Services, 10001 people in team', 'Website Link': 'https://google.com/'}
2024-12-25 01:18:27,097 - INFO - Data successfully saved to MongoDB.
2024-12-25 01:18:27,097 - INFO - Data successfully saved to MongoDB.
2024-12-25 01:18:27,098 - INFO - Data successfully saved to MongoDB.
2024-12-25 01:18:27,098 - INFO - Data successfully saved to MongoDB.
2024-12-25 01:18:27,099 - INFO - Data successfully saved to MongoDB.
2024-12-25 01:18:27,099 - WARNING - No data to insert into MongoDB.
2024-12-25 01:18:31,500 - INFO - Slept for 4.36 seconds
2024-12-25 01:18:36,107 - INFO - Slept for 4.56 seconds
2024-12-25 01:18:36,107 - INFO - Scraped data: {'Result Index': 6, 'Name': 'Bo Xu', 'Job Title': 'Senior Software Engineer', 'Email': 'bhiddenhid@hidden.edu', 'Company': 'Google', 'Company Info': 'Google, Information Technology And Services, 10001 people in team', 'Website Link': 'https://google.com/'}
2024-12-25 01:18:36,109 - INFO - Data successfully saved to MongoDB.
2024-12-25 01:18:36,110 - INFO - Data successfully saved to MongoDB.
2024-12-25 01:18:36,111 - INFO - Data successfully saved to MongoDB.
2024-12-25 01:18:36,113 - INFO - Data successfully saved to MongoDB.
2024-12-25 01:18:36,113 - INFO - Data successfully saved to MongoDB.
2024-12-25 01:18:36,114 - INFO - Data successfully saved to MongoDB.
2024-12-25 01:18:36,114 - WARNING - No data to insert into MongoDB.
2024-12-25 01:18:40,096 - INFO - Slept for 3.93 seconds
2024-12-25 01:18:42,665 - INFO - Slept for 2.50 seconds
2024-12-25 01:18:42,665 - INFO - Scraped data: {'Result Index': 7, 'Name': 'Sumeet Pannu', 'Job Title': 'Director Of Software Engineering', 'Email': 'phiddenhi@hidden.com', 'Company': 'Google', 'Company Info': 'Google, Information Technology And Services, 10001 people in team', 'Website Link': 'https://google.com/'}
2024-12-25 01:18:42,666 - INFO - Data successfully saved to MongoDB.
2024-12-25 01:18:42,666 - INFO - Data successfully saved to MongoDB.
2024-12-25 01:18:42,666 - INFO - Data successfully saved to MongoDB.
2024-12-25 01:18:42,667 - INFO - Data successfully saved to MongoDB.
2024-12-25 01:18:42,667 - INFO - Data successfully saved to MongoDB.
2024-12-25 01:18:42,668 - INFO - Data successfully saved to MongoDB.
2024-12-25 01:18:42,668 - INFO - Data successfully saved to MongoDB.
2024-12-25 01:18:42,668 - WARNING - No data to insert into MongoDB.
2024-12-25 01:18:46,084 - INFO - Slept for 3.38 seconds
2024-12-25 01:18:49,816 - INFO - Slept for 3.67 seconds
2024-12-25 01:18:49,816 - INFO - Scraped data: {'Result Index': 8, 'Name': 'Jerene Yang', 'Job Title': 'Technician Lead Manager And Staff Software Engineer', 'Email': 'jhiddenhidd@hidden.com', 'Company': 'Google', 'Company Info': 'Google, Information Technology And Services, 10001 people in team', 'Website Link': 'https://google.com/'}
2024-12-25 01:18:49,819 - INFO - Data successfully saved to MongoDB.
2024-12-25 01:18:49,820 - INFO - Data successfully saved to MongoDB.
2024-12-25 01:18:49,821 - INFO - Data successfully saved to MongoDB.
2024-12-25 01:18:49,822 - INFO - Data successfully saved to MongoDB.
2024-12-25 01:18:49,823 - INFO - Data successfully saved to MongoDB.
2024-12-25 01:18:49,824 - INFO - Data successfully saved to MongoDB.
2024-12-25 01:18:49,825 - INFO - Data successfully saved to MongoDB.
2024-12-25 01:18:49,826 - INFO - Data successfully saved to MongoDB.
2024-12-25 01:18:49,827 - WARNING - No data to insert into MongoDB.
2024-12-25 01:18:53,216 - INFO - Slept for 3.35 seconds
2024-12-25 01:18:56,335 - INFO - Slept for 3.07 seconds
2024-12-25 01:18:56,336 - INFO - Scraped data: {'Result Index': 9, 'Name': 'Hua Zhong', 'Job Title': 'Senior Software Engineer', 'Email': 'hhiddenhi@hidden.com', 'Company': 'Google', 'Company Info': 'Google, Information Technology And Services, 10001 people in team', 'Website Link': 'https://google.com/'}
2024-12-25 01:18:56,337 - INFO - Data successfully saved to MongoDB.
2024-12-25 01:18:56,338 - INFO - Data successfully saved to MongoDB.
2024-12-25 01:18:56,339 - INFO - Data successfully saved to MongoDB.
2024-12-25 01:18:56,340 - INFO - Data successfully saved to MongoDB.
2024-12-25 01:18:56,341 - INFO - Data successfully saved to MongoDB.
2024-12-25 01:18:56,342 - INFO - Data successfully saved to MongoDB.
2024-12-25 01:18:56,343 - INFO - Data successfully saved to MongoDB.
2024-12-25 01:18:56,344 - INFO - Data successfully saved to MongoDB.
2024-12-25 01:18:56,345 - INFO - Data successfully saved to MongoDB.
2024-12-25 01:18:56,345 - WARNING - No data to insert into MongoDB.
2024-12-25 01:19:00,333 - INFO - Slept for 3.94 seconds
2024-12-25 01:19:03,192 - INFO - Slept for 2.82 seconds
2024-12-25 01:19:03,193 - INFO - Scraped data: {'Result Index': 10, 'Name': 'Ning Tantai', 'Job Title': 'Staff Software Engineer And Technician Lead Manager', 'Email': 'thiddenhid@hidden.com', 'Company': 'Google', 'Company Info': 'Google, Information Technology And Services, 10001 people in team', 'Website Link': 'https://google.com/'}
2024-12-25 01:19:03,194 - INFO - Data successfully saved to MongoDB.
2024-12-25 01:19:03,194 - INFO - Data successfully saved to MongoDB.
2024-12-25 01:19:03,195 - INFO - Data successfully saved to MongoDB.
2024-12-25 01:19:03,196 - INFO - Data successfully saved to MongoDB.
2024-12-25 01:19:03,196 - INFO - Data successfully saved to MongoDB.
2024-12-25 01:19:03,197 - INFO - Data successfully saved to MongoDB.
2024-12-25 01:19:03,198 - INFO - Data successfully saved to MongoDB.
2024-12-25 01:19:03,198 - INFO - Data successfully saved to MongoDB.
2024-12-25 01:19:03,199 - INFO - Data successfully saved to MongoDB.
2024-12-25 01:19:03,199 - INFO - Data successfully saved to MongoDB.
2024-12-25 01:19:03,199 - WARNING - No data to insert into MongoDB.
2024-12-25 01:19:04,480 - INFO - Slept for 1.25 seconds
2024-12-25 01:19:07,011 - INFO - Navigated to next page.
2024-12-25 01:19:09,960 - INFO - Slept for 2.91 seconds
2024-12-25 01:19:13,944 - INFO - Slept for 3.94 seconds
2024-12-25 01:19:13,945 - INFO - Scraped data: {'Result Index': 11, 'Name': 'Cheng Wang', 'Job Title': 'Senior Software Engineer', 'Email': 'chidden@hidd.edu', 'Company': 'Google', 'Company Info': 'Google, Information Technology And Services, 10001 people in team', 'Website Link': 'https://google.com/'}
2024-12-25 01:19:13,945 - INFO - Data successfully saved to MongoDB.
2024-12-25 01:19:13,946 - INFO - Data successfully saved to MongoDB.
2024-12-25 01:19:13,946 - INFO - Data successfully saved to MongoDB.
2024-12-25 01:19:13,947 - INFO - Data successfully saved to MongoDB.
2024-12-25 01:19:13,947 - INFO - Data successfully saved to MongoDB.
2024-12-25 01:19:13,948 - INFO - Data successfully saved to MongoDB.
2024-12-25 01:19:13,948 - INFO - Data successfully saved to MongoDB.
2024-12-25 01:19:13,948 - INFO - Data successfully saved to MongoDB.
2024-12-25 01:19:13,949 - INFO - Data successfully saved to MongoDB.
2024-12-25 01:19:13,949 - INFO - Data successfully saved to MongoDB.
2024-12-25 01:19:13,949 - INFO - Data successfully saved to MongoDB.
2024-12-25 01:19:13,949 - WARNING - No data to insert into MongoDB.
2024-12-25 01:19:16,394 - INFO - Slept for 2.41 seconds
2024-12-25 01:19:18,470 - INFO - Slept for 2.04 seconds
2024-12-25 01:19:18,470 - INFO - Scraped data: {'Result Index': 12, 'Name': 'Vinay Sekhri', 'Job Title': 'Senior Software Engineer', 'Email': 'vhiddenhi@hidden.com', 'Company': 'Google', 'Company Info': 'Google, Information Technology And Services, 10001 people in team', 'Website Link': 'https://google.com/'}
2024-12-25 01:19:18,471 - INFO - Data successfully saved to MongoDB.
2024-12-25 01:19:18,473 - INFO - Data successfully saved to MongoDB.
2024-12-25 01:19:18,474 - INFO - Data successfully saved to MongoDB.
2024-12-25 01:19:18,475 - INFO - Data successfully saved to MongoDB.
2024-12-25 01:19:18,476 - INFO - Data successfully saved to MongoDB.
2024-12-25 01:19:18,476 - INFO - Data successfully saved to MongoDB.
2024-12-25 01:19:18,477 - INFO - Data successfully saved to MongoDB.
2024-12-25 01:19:18,477 - INFO - Data successfully saved to MongoDB.
2024-12-25 01:19:18,478 - INFO - Data successfully saved to MongoDB.
2024-12-25 01:19:18,478 - INFO - Data successfully saved to MongoDB.
2024-12-25 01:19:18,479 - INFO - Data successfully saved to MongoDB.
2024-12-25 01:19:18,479 - INFO - Data successfully saved to MongoDB.
2024-12-25 01:19:18,479 - WARNING - No data to insert into MongoDB.
2024-12-25 01:19:23,405 - INFO - Slept for 4.85 seconds
2024-12-25 01:19:24,577 - INFO - Slept for 1.12 seconds
2024-12-25 01:19:24,577 - INFO - Scraped data: {'Result Index': 13, 'Name': 'Vitalii Ostrovskyi', 'Job Title': 'Senior Software Engineer', 'Email': 'vhiddenhidde@hidden.com', 'Company': 'Google', 'Company Info': 'Google, Information Technology And Services, 10001 people in team', 'Website Link': 'https://google.com/'}
2024-12-25 01:19:24,579 - INFO - Data successfully saved to MongoDB.
2024-12-25 01:19:24,580 - INFO - Data successfully saved to MongoDB.
2024-12-25 01:19:24,580 - INFO - Data successfully saved to MongoDB.
2024-12-25 01:19:24,581 - INFO - Data successfully saved to MongoDB.
2024-12-25 01:19:24,581 - INFO - Data successfully saved to MongoDB.
2024-12-25 01:19:24,582 - INFO - Data successfully saved to MongoDB.
2024-12-25 01:19:24,582 - INFO - Data successfully saved to MongoDB.
2024-12-25 01:19:24,583 - INFO - Data successfully saved to MongoDB.
2024-12-25 01:19:24,583 - INFO - Data successfully saved to MongoDB.
2024-12-25 01:19:24,584 - INFO - Data successfully saved to MongoDB.
2024-12-25 01:19:24,584 - INFO - Data successfully saved to MongoDB.
2024-12-25 01:19:24,584 - INFO - Data successfully saved to MongoDB.
2024-12-25 01:19:24,585 - INFO - Data successfully saved to MongoDB.
2024-12-25 01:19:24,585 - WARNING - No data to insert into MongoDB.
2024-12-25 01:19:29,173 - INFO - Slept for 4.54 seconds
2024-12-25 01:19:32,011 - INFO - Slept for 2.80 seconds
2024-12-25 01:19:32,012 - INFO - Scraped data: {'Result Index': 14, 'Name': 'Sachin Parsewar', 'Job Title': 'Senior Staff Software Engineer', 'Email': 'shidden@hidd.com', 'Company': 'Google', 'Company Info': 'Google, Information Technology And Services, 10001 people in team', 'Website Link': 'https://google.com/'}
2024-12-25 01:19:32,013 - INFO - Data successfully saved to MongoDB.
2024-12-25 01:19:32,013 - INFO - Data successfully saved to MongoDB.
2024-12-25 01:19:32,014 - INFO - Data successfully saved to MongoDB.
2024-12-25 01:19:32,014 - INFO - Data successfully saved to MongoDB.
2024-12-25 01:19:32,015 - INFO - Data successfully saved to MongoDB.
2024-12-25 01:19:32,015 - INFO - Data successfully saved to MongoDB.
2024-12-25 01:19:32,016 - INFO - Data successfully saved to MongoDB.
2024-12-25 01:19:32,016 - INFO - Data successfully saved to MongoDB.
2024-12-25 01:19:32,016 - INFO - Data successfully saved to MongoDB.
2024-12-25 01:19:32,017 - INFO - Data successfully saved to MongoDB.
2024-12-25 01:19:32,017 - INFO - Data successfully saved to MongoDB.
2024-12-25 01:19:32,017 - INFO - Data successfully saved to MongoDB.
2024-12-25 01:19:32,018 - INFO - Data successfully saved to MongoDB.
2024-12-25 01:19:32,018 - INFO - Data successfully saved to MongoDB.
2024-12-25 01:19:32,018 - WARNING - No data to insert into MongoDB.
2024-12-25 01:19:33,302 - INFO - Slept for 1.24 seconds
2024-12-25 01:19:37,781 - INFO - Slept for 4.44 seconds
2024-12-25 01:19:37,782 - INFO - Scraped data: {'Result Index': 15, 'Name': 'Parm Singh', 'Job Title': 'Senior Software Engineer In Testing', 'Email': 'phiddenhid@hidden.com', 'Company': 'Google', 'Company Info': 'Google, Information Technology And Services, 10001 people in team', 'Website Link': 'https://google.com/'}
2024-12-25 01:19:37,783 - INFO - Data successfully saved to MongoDB.
2024-12-25 01:19:37,784 - INFO - Data successfully saved to MongoDB.
2024-12-25 01:19:37,785 - INFO - Data successfully saved to MongoDB.
2024-12-25 01:19:37,786 - INFO - Data successfully saved to MongoDB.
2024-12-25 01:19:37,787 - INFO - Data successfully saved to MongoDB.
2024-12-25 01:19:37,788 - INFO - Data successfully saved to MongoDB.
2024-12-25 01:19:37,790 - INFO - Data successfully saved to MongoDB.
2024-12-25 01:19:37,791 - INFO - Data successfully saved to MongoDB.
2024-12-25 01:19:37,792 - INFO - Data successfully saved to MongoDB.
2024-12-25 01:19:37,793 - INFO - Data successfully saved to MongoDB.
2024-12-25 01:19:37,794 - INFO - Data successfully saved to MongoDB.
2024-12-25 01:19:37,795 - INFO - Data successfully saved to MongoDB.
2024-12-25 01:19:37,796 - INFO - Data successfully saved to MongoDB.
2024-12-25 01:19:37,797 - INFO - Data successfully saved to MongoDB.
2024-12-25 01:19:37,797 - INFO - Data successfully saved to MongoDB.
2024-12-25 01:19:37,798 - WARNING - No data to insert into MongoDB.
2024-12-25 01:19:48,174 - ERROR - Error occurred while processing result 16: Message: 
Stacktrace:
#0 0x562bc634834a <unknown>
#1 0x562bc5e5e6e0 <unknown>
#2 0x562bc5ead3e6 <unknown>
#3 0x562bc5ead681 <unknown>
#4 0x562bc5ea1b26 <unknown>
#5 0x562bc5ed148d <unknown>
#6 0x562bc5ea1a18 <unknown>
#7 0x562bc5ed162e <unknown>
#8 0x562bc5eefed7 <unknown>
#9 0x562bc5ed1203 <unknown>
#10 0x562bc5e9fcc0 <unknown>
#11 0x562bc5ea0c9e <unknown>
#12 0x562bc6315d3b <unknown>
#13 0x562bc6319cc2 <unknown>
#14 0x562bc6302b6c <unknown>
#15 0x562bc631a837 <unknown>
#16 0x562bc62e810f <unknown>
#17 0x562bc63375a8 <unknown>
#18 0x562bc6337770 <unknown>
#19 0x562bc63471c6 <unknown>
#20 0x7f5ccfa61a94 <unknown>
#21 0x7f5ccfaeec3c <unknown>

2024-12-25 01:19:49,202 - INFO - Slept for 1.03 seconds
2024-12-25 01:19:51,486 - INFO - Slept for 2.23 seconds
2024-12-25 01:19:51,486 - INFO - Scraped data: {'Result Index': 16, 'Name': 'Lauren Scott', 'Job Title': 'Front End Software Engineer', 'Email': 'N/A', 'Company': 'Google', 'Company Info': 'Google, Information Technology And Services, 10001 people in team', 'Website Link': 'https://google.com/'}
2024-12-25 01:19:51,487 - INFO - Data successfully saved to MongoDB.
2024-12-25 01:19:51,487 - INFO - Data successfully saved to MongoDB.
2024-12-25 01:19:51,488 - INFO - Data successfully saved to MongoDB.
2024-12-25 01:19:51,488 - INFO - Data successfully saved to MongoDB.
2024-12-25 01:19:51,489 - INFO - Data successfully saved to MongoDB.
2024-12-25 01:19:51,489 - INFO - Data successfully saved to MongoDB.
2024-12-25 01:19:51,489 - INFO - Data successfully saved to MongoDB.
2024-12-25 01:19:51,490 - INFO - Data successfully saved to MongoDB.
2024-12-25 01:19:51,490 - INFO - Data successfully saved to MongoDB.
2024-12-25 01:19:51,490 - INFO - Data successfully saved to MongoDB.
2024-12-25 01:19:51,491 - INFO - Data successfully saved to MongoDB.
2024-12-25 01:19:51,491 - INFO - Data successfully saved to MongoDB.
2024-12-25 01:19:51,491 - INFO - Data successfully saved to MongoDB.
2024-12-25 01:19:51,491 - INFO - Data successfully saved to MongoDB.
2024-12-25 01:19:51,492 - INFO - Data successfully saved to MongoDB.
2024-12-25 01:19:51,492 - INFO - Data successfully saved to MongoDB.
2024-12-25 01:19:51,492 - WARNING - No data to insert into MongoDB.
2024-12-25 01:19:52,571 - INFO - Slept for 1.05 seconds
2024-12-25 01:19:56,717 - INFO - Slept for 4.10 seconds
2024-12-25 01:19:56,717 - INFO - Scraped data: {'Result Index': 17, 'Name': 'James Wright', 'Job Title': 'Software Engineer', 'Email': 'jhidden@hidd.com', 'Company': 'Google', 'Company Info': 'Google, Information Technology And Services, 10001 people in team', 'Website Link': 'https://google.com/'}
2024-12-25 01:19:56,718 - INFO - Data successfully saved to MongoDB.
2024-12-25 01:19:56,719 - INFO - Data successfully saved to MongoDB.
2024-12-25 01:19:56,720 - INFO - Data successfully saved to MongoDB.
2024-12-25 01:19:56,720 - INFO - Data successfully saved to MongoDB.
2024-12-25 01:19:56,721 - INFO - Data successfully saved to MongoDB.
2024-12-25 01:19:56,722 - INFO - Data successfully saved to MongoDB.
2024-12-25 01:19:56,722 - INFO - Data successfully saved to MongoDB.
2024-12-25 01:19:56,723 - INFO - Data successfully saved to MongoDB.
2024-12-25 01:19:56,723 - INFO - Data successfully saved to MongoDB.
2024-12-25 01:19:56,724 - INFO - Data successfully saved to MongoDB.
2024-12-25 01:19:56,725 - INFO - Data successfully saved to MongoDB.
2024-12-25 01:19:56,725 - INFO - Data successfully saved to MongoDB.
2024-12-25 01:19:56,726 - INFO - Data successfully saved to MongoDB.
2024-12-25 01:19:56,726 - INFO - Data successfully saved to MongoDB.
2024-12-25 01:19:56,727 - INFO - Data successfully saved to MongoDB.
2024-12-25 01:19:56,727 - INFO - Data successfully saved to MongoDB.
2024-12-25 01:19:56,727 - INFO - Data successfully saved to MongoDB.
2024-12-25 01:19:56,727 - WARNING - No data to insert into MongoDB.
2024-12-25 01:20:01,421 - INFO - Slept for 4.66 seconds
2024-12-25 01:20:04,431 - INFO - Slept for 2.97 seconds
2024-12-25 01:20:04,431 - INFO - Scraped data: {'Result Index': 18, 'Name': 'Daniel Erickson', 'Job Title': 'Software Engineer', 'Email': 'dhidden@hidd.com', 'Company': 'Google', 'Company Info': 'Google, Information Technology And Services, 10001 people in team', 'Website Link': 'https://google.com/'}
2024-12-25 01:20:04,432 - INFO - Data successfully saved to MongoDB.
2024-12-25 01:20:04,432 - INFO - Data successfully saved to MongoDB.
2024-12-25 01:20:04,433 - INFO - Data successfully saved to MongoDB.
2024-12-25 01:20:04,433 - INFO - Data successfully saved to MongoDB.
2024-12-25 01:20:04,433 - INFO - Data successfully saved to MongoDB.
2024-12-25 01:20:04,433 - INFO - Data successfully saved to MongoDB.
2024-12-25 01:20:04,433 - INFO - Data successfully saved to MongoDB.
2024-12-25 01:20:04,434 - INFO - Data successfully saved to MongoDB.
2024-12-25 01:20:04,434 - INFO - Data successfully saved to MongoDB.
2024-12-25 01:20:04,434 - INFO - Data successfully saved to MongoDB.
2024-12-25 01:20:04,434 - INFO - Data successfully saved to MongoDB.
2024-12-25 01:20:04,435 - INFO - Data successfully saved to MongoDB.
2024-12-25 01:20:04,435 - INFO - Data successfully saved to MongoDB.
2024-12-25 01:20:04,435 - INFO - Data successfully saved to MongoDB.
2024-12-25 01:20:04,435 - INFO - Data successfully saved to MongoDB.
2024-12-25 01:20:04,435 - INFO - Data successfully saved to MongoDB.
2024-12-25 01:20:04,436 - INFO - Data successfully saved to MongoDB.
2024-12-25 01:20:04,436 - INFO - Data successfully saved to MongoDB.
2024-12-25 01:20:04,436 - WARNING - No data to insert into MongoDB.
2024-12-25 01:20:06,146 - INFO - Slept for 1.68 seconds
2024-12-25 01:20:10,794 - INFO - Slept for 4.61 seconds
2024-12-25 01:20:10,794 - INFO - Scraped data: {'Result Index': 19, 'Name': 'Daniel Frandsen', 'Job Title': 'Staff Software Engineer', 'Email': 'dhidden@hidd.com', 'Company': 'Google', 'Company Info': 'Google, Information Technology And Services, 10001 people in team', 'Website Link': 'https://google.com/'}
2024-12-25 01:20:10,796 - INFO - Data successfully saved to MongoDB.
2024-12-25 01:20:10,797 - INFO - Data successfully saved to MongoDB.
2024-12-25 01:20:10,800 - INFO - Data successfully saved to MongoDB.
2024-12-25 01:20:10,801 - INFO - Data successfully saved to MongoDB.
2024-12-25 01:20:10,802 - INFO - Data successfully saved to MongoDB.
2024-12-25 01:20:10,802 - INFO - Data successfully saved to MongoDB.
2024-12-25 01:20:10,803 - INFO - Data successfully saved to MongoDB.
2024-12-25 01:20:10,804 - INFO - Data successfully saved to MongoDB.
2024-12-25 01:20:10,804 - INFO - Data successfully saved to MongoDB.
2024-12-25 01:20:10,805 - INFO - Data successfully saved to MongoDB.
2024-12-25 01:20:10,806 - INFO - Data successfully saved to MongoDB.
2024-12-25 01:20:10,806 - INFO - Data successfully saved to MongoDB.
2024-12-25 01:20:10,807 - INFO - Data successfully saved to MongoDB.
2024-12-25 01:20:10,807 - INFO - Data successfully saved to MongoDB.
2024-12-25 01:20:10,807 - INFO - Data successfully saved to MongoDB.
2024-12-25 01:20:10,808 - INFO - Data successfully saved to MongoDB.
2024-12-25 01:20:10,808 - INFO - Data successfully saved to MongoDB.
2024-12-25 01:20:10,808 - INFO - Data successfully saved to MongoDB.
2024-12-25 01:20:10,809 - INFO - Data successfully saved to MongoDB.
2024-12-25 01:20:10,809 - WARNING - No data to insert into MongoDB.
2024-12-25 01:20:15,778 - INFO - Slept for 4.94 seconds
2024-12-25 01:20:20,187 - INFO - Slept for 4.37 seconds
2024-12-25 01:20:20,188 - INFO - Scraped data: {'Result Index': 20, 'Name': 'Aamir Anis', 'Job Title': 'Senior Software Engineer', 'Email': 'ahiddenh@hidde.edu', 'Company': 'Google', 'Company Info': 'Google, Information Technology And Services, 10001 people in team', 'Website Link': 'https://google.com/'}
2024-12-25 01:20:20,189 - INFO - Data successfully saved to MongoDB.
2024-12-25 01:20:20,190 - INFO - Data successfully saved to MongoDB.
2024-12-25 01:20:20,190 - INFO - Data successfully saved to MongoDB.
2024-12-25 01:20:20,190 - INFO - Data successfully saved to MongoDB.
2024-12-25 01:20:20,191 - INFO - Data successfully saved to MongoDB.
2024-12-25 01:20:20,191 - INFO - Data successfully saved to MongoDB.
2024-12-25 01:20:20,192 - INFO - Data successfully saved to MongoDB.
2024-12-25 01:20:20,192 - INFO - Data successfully saved to MongoDB.
2024-12-25 01:20:20,192 - INFO - Data successfully saved to MongoDB.
2024-12-25 01:20:20,193 - INFO - Data successfully saved to MongoDB.
2024-12-25 01:20:20,193 - INFO - Data successfully saved to MongoDB.
2024-12-25 01:20:20,193 - INFO - Data successfully saved to MongoDB.
2024-12-25 01:20:20,193 - INFO - Data successfully saved to MongoDB.
2024-12-25 01:20:20,193 - INFO - Data successfully saved to MongoDB.
2024-12-25 01:20:20,194 - INFO - Data successfully saved to MongoDB.
2024-12-25 01:20:20,194 - INFO - Data successfully saved to MongoDB.
2024-12-25 01:20:20,194 - INFO - Data successfully saved to MongoDB.
2024-12-25 01:20:20,195 - INFO - Data successfully saved to MongoDB.
2024-12-25 01:20:20,195 - INFO - Data successfully saved to MongoDB.
2024-12-25 01:20:20,195 - INFO - Data successfully saved to MongoDB.
2024-12-25 01:20:20,195 - WARNING - No data to insert into MongoDB.
2024-12-25 01:20:24,689 - INFO - Slept for 4.47 seconds
2024-12-25 01:20:28,214 - INFO - Navigated to next page.
2024-12-25 01:20:30,601 - INFO - Slept for 2.35 seconds
2024-12-25 01:20:35,079 - INFO - Slept for 4.44 seconds
2024-12-25 01:20:35,079 - INFO - Scraped data: {'Result Index': 21, 'Name': 'Aaron Ramirez', 'Job Title': 'Software Engineer', 'Email': 'ahiddenhi@hidden.com', 'Company': 'Google', 'Company Info': 'Google, Information Technology And Services, 10001 people in team', 'Website Link': 'https://google.com/'}
2024-12-25 01:20:35,080 - INFO - Data successfully saved to MongoDB.
2024-12-25 01:20:35,081 - INFO - Data successfully saved to MongoDB.
2024-12-25 01:20:35,081 - INFO - Data successfully saved to MongoDB.
2024-12-25 01:20:35,082 - INFO - Data successfully saved to MongoDB.
2024-12-25 01:20:35,082 - INFO - Data successfully saved to MongoDB.
2024-12-25 01:20:35,082 - INFO - Data successfully saved to MongoDB.
2024-12-25 01:20:35,082 - INFO - Data successfully saved to MongoDB.
2024-12-25 01:20:35,083 - INFO - Data successfully saved to MongoDB.
2024-12-25 01:20:35,083 - INFO - Data successfully saved to MongoDB.
2024-12-25 01:20:35,084 - INFO - Data successfully saved to MongoDB.
2024-12-25 01:20:35,084 - INFO - Data successfully saved to MongoDB.
2024-12-25 01:20:35,084 - INFO - Data successfully saved to MongoDB.
2024-12-25 01:20:35,084 - INFO - Data successfully saved to MongoDB.
2024-12-25 01:20:35,085 - INFO - Data successfully saved to MongoDB.
2024-12-25 01:20:35,085 - INFO - Data successfully saved to MongoDB.
2024-12-25 01:20:35,085 - INFO - Data successfully saved to MongoDB.
2024-12-25 01:20:35,085 - INFO - Data successfully saved to MongoDB.
2024-12-25 01:20:35,086 - INFO - Data successfully saved to MongoDB.
2024-12-25 01:20:35,086 - INFO - Data successfully saved to MongoDB.
2024-12-25 01:20:35,086 - INFO - Data successfully saved to MongoDB.
2024-12-25 01:20:35,086 - INFO - Data successfully saved to MongoDB.
2024-12-25 01:20:35,086 - WARNING - No data to insert into MongoDB.
2024-12-25 01:20:39,676 - INFO - Slept for 4.56 seconds
2024-12-25 01:20:42,151 - INFO - Slept for 2.43 seconds
2024-12-25 01:20:42,151 - INFO - Scraped data: {'Result Index': 22, 'Name': 'Jorge Pereira', 'Job Title': 'Staff Software Engineer', 'Email': 'jhiddenhi@hidden.fm', 'Company': 'Google', 'Company Info': 'Google, Information Technology And Services, 10001 people in team', 'Website Link': 'https://google.com/'}
2024-12-25 01:20:42,152 - INFO - Data successfully saved to MongoDB.
2024-12-25 01:20:42,153 - INFO - Data successfully saved to MongoDB.
2024-12-25 01:20:42,154 - INFO - Data successfully saved to MongoDB.
2024-12-25 01:20:42,154 - INFO - Data successfully saved to MongoDB.
2024-12-25 01:20:42,155 - INFO - Data successfully saved to MongoDB.
2024-12-25 01:20:42,156 - INFO - Data successfully saved to MongoDB.
2024-12-25 01:20:42,157 - INFO - Data successfully saved to MongoDB.
2024-12-25 01:20:42,157 - INFO - Data successfully saved to MongoDB.
2024-12-25 01:20:42,158 - INFO - Data successfully saved to MongoDB.
2024-12-25 01:20:42,158 - INFO - Data successfully saved to MongoDB.
2024-12-25 01:20:42,159 - INFO - Data successfully saved to MongoDB.
2024-12-25 01:20:42,160 - INFO - Data successfully saved to MongoDB.
2024-12-25 01:20:42,160 - INFO - Data successfully saved to MongoDB.
2024-12-25 01:20:42,161 - INFO - Data successfully saved to MongoDB.
2024-12-25 01:20:42,161 - INFO - Data successfully saved to MongoDB.
2024-12-25 01:20:42,161 - INFO - Data successfully saved to MongoDB.
2024-12-25 01:20:42,161 - INFO - Data successfully saved to MongoDB.
2024-12-25 01:20:42,162 - INFO - Data successfully saved to MongoDB.
2024-12-25 01:20:42,162 - INFO - Data successfully saved to MongoDB.
2024-12-25 01:20:42,162 - INFO - Data successfully saved to MongoDB.
2024-12-25 01:20:42,162 - INFO - Data successfully saved to MongoDB.
2024-12-25 01:20:42,163 - INFO - Data successfully saved to MongoDB.
2024-12-25 01:20:42,163 - WARNING - No data to insert into MongoDB.
2024-12-25 01:20:52,553 - ERROR - Error occurred while processing result 23: Message: 
Stacktrace:
#0 0x562bc634834a <unknown>
#1 0x562bc5e5e6e0 <unknown>
#2 0x562bc5ead3e6 <unknown>
#3 0x562bc5ead681 <unknown>
#4 0x562bc5ea1b26 <unknown>
#5 0x562bc5ed148d <unknown>
#6 0x562bc5ea1a18 <unknown>
#7 0x562bc5ed162e <unknown>
#8 0x562bc5eefed7 <unknown>
#9 0x562bc5ed1203 <unknown>
#10 0x562bc5e9fcc0 <unknown>
#11 0x562bc5ea0c9e <unknown>
#12 0x562bc6315d3b <unknown>
#13 0x562bc6319cc2 <unknown>
#14 0x562bc6302b6c <unknown>
#15 0x562bc631a837 <unknown>
#16 0x562bc62e810f <unknown>
#17 0x562bc63375a8 <unknown>
#18 0x562bc6337770 <unknown>
#19 0x562bc63471c6 <unknown>
#20 0x7f5ccfa61a94 <unknown>
#21 0x7f5ccfaeec3c <unknown>

2024-12-25 01:20:54,467 - INFO - Slept for 1.91 seconds
2024-12-25 01:20:59,429 - INFO - Slept for 4.92 seconds
2024-12-25 01:20:59,429 - INFO - Scraped data: {'Result Index': 23, 'Name': 'Lawrence Chung', 'Job Title': 'Software Engineer', 'Email': 'N/A', 'Company': 'Google', 'Company Info': 'Google, Information Technology And Services, 10001 people in team', 'Website Link': 'https://google.com/'}
2024-12-25 01:20:59,431 - INFO - Data successfully saved to MongoDB.
2024-12-25 01:20:59,431 - INFO - Data successfully saved to MongoDB.
2024-12-25 01:20:59,432 - INFO - Data successfully saved to MongoDB.
2024-12-25 01:20:59,432 - INFO - Data successfully saved to MongoDB.
2024-12-25 01:20:59,433 - INFO - Data successfully saved to MongoDB.
2024-12-25 01:20:59,433 - INFO - Data successfully saved to MongoDB.
2024-12-25 01:20:59,434 - INFO - Data successfully saved to MongoDB.
2024-12-25 01:20:59,434 - INFO - Data successfully saved to MongoDB.
2024-12-25 01:20:59,435 - INFO - Data successfully saved to MongoDB.
2024-12-25 01:20:59,435 - INFO - Data successfully saved to MongoDB.
2024-12-25 01:20:59,436 - INFO - Data successfully saved to MongoDB.
2024-12-25 01:20:59,436 - INFO - Data successfully saved to MongoDB.
2024-12-25 01:20:59,436 - INFO - Data successfully saved to MongoDB.
2024-12-25 01:20:59,437 - INFO - Data successfully saved to MongoDB.
2024-12-25 01:20:59,437 - INFO - Data successfully saved to MongoDB.
2024-12-25 01:20:59,438 - INFO - Data successfully saved to MongoDB.
2024-12-25 01:20:59,438 - INFO - Data successfully saved to MongoDB.
2024-12-25 01:20:59,438 - INFO - Data successfully saved to MongoDB.
2024-12-25 01:20:59,439 - INFO - Data successfully saved to MongoDB.
2024-12-25 01:20:59,439 - INFO - Data successfully saved to MongoDB.
2024-12-25 01:20:59,439 - INFO - Data successfully saved to MongoDB.
2024-12-25 01:20:59,440 - INFO - Data successfully saved to MongoDB.
2024-12-25 01:20:59,440 - INFO - Data successfully saved to MongoDB.
2024-12-25 01:20:59,440 - WARNING - No data to insert into MongoDB.
2024-12-25 01:21:00,532 - INFO - Slept for 1.06 seconds
2024-12-25 01:21:04,048 - INFO - Slept for 3.46 seconds
2024-12-25 01:21:04,049 - INFO - Scraped data: {'Result Index': 24, 'Name': 'Aaron Girard', 'Job Title': 'Software Engineer', 'Email': 'ahiddenhidde@hidden.com', 'Company': 'Google', 'Company Info': 'Google, Information Technology And Services, 10001 people in team', 'Website Link': 'https://google.com/'}
2024-12-25 01:21:04,050 - INFO - Data successfully saved to MongoDB.
2024-12-25 01:21:04,051 - INFO - Data successfully saved to MongoDB.
2024-12-25 01:21:04,051 - INFO - Data successfully saved to MongoDB.
2024-12-25 01:21:04,052 - INFO - Data successfully saved to MongoDB.
2024-12-25 01:21:04,053 - INFO - Data successfully saved to MongoDB.
2024-12-25 01:21:04,053 - INFO - Data successfully saved to MongoDB.
2024-12-25 01:21:04,054 - INFO - Data successfully saved to MongoDB.
2024-12-25 01:21:04,054 - INFO - Data successfully saved to MongoDB.
2024-12-25 01:21:04,055 - INFO - Data successfully saved to MongoDB.
2024-12-25 01:21:04,055 - INFO - Data successfully saved to MongoDB.
2024-12-25 01:21:04,056 - INFO - Data successfully saved to MongoDB.
2024-12-25 01:21:04,056 - INFO - Data successfully saved to MongoDB.
2024-12-25 01:21:04,056 - INFO - Data successfully saved to MongoDB.
2024-12-25 01:21:04,057 - INFO - Data successfully saved to MongoDB.
2024-12-25 01:21:04,057 - INFO - Data successfully saved to MongoDB.
2024-12-25 01:21:04,057 - INFO - Data successfully saved to MongoDB.
2024-12-25 01:21:04,058 - INFO - Data successfully saved to MongoDB.
2024-12-25 01:21:04,058 - INFO - Data successfully saved to MongoDB.
2024-12-25 01:21:04,058 - INFO - Data successfully saved to MongoDB.
2024-12-25 01:21:04,059 - INFO - Data successfully saved to MongoDB.
2024-12-25 01:21:04,059 - INFO - Data successfully saved to MongoDB.
2024-12-25 01:21:04,059 - INFO - Data successfully saved to MongoDB.
2024-12-25 01:21:04,060 - INFO - Data successfully saved to MongoDB.
2024-12-25 01:21:04,060 - INFO - Data successfully saved to MongoDB.
2024-12-25 01:21:04,060 - WARNING - No data to insert into MongoDB.
2024-12-25 01:21:06,794 - INFO - Slept for 2.70 seconds
2024-12-25 01:21:08,686 - INFO - Slept for 1.84 seconds
2024-12-25 01:21:08,687 - INFO - Scraped data: {'Result Index': 25, 'Name': 'Lawrence Tsang', 'Job Title': 'Senior Software Engineer Team Lead', 'Email': 'lhiddenh@hidde.com', 'Company': 'Google', 'Company Info': 'Google, Information Technology And Services, 10001 people in team', 'Website Link': 'https://google.com/'}
2024-12-25 01:21:08,688 - INFO - Data successfully saved to MongoDB.
2024-12-25 01:21:08,690 - INFO - Data successfully saved to MongoDB.
2024-12-25 01:21:08,691 - INFO - Data successfully saved to MongoDB.
2024-12-25 01:21:08,692 - INFO - Data successfully saved to MongoDB.
2024-12-25 01:21:08,693 - INFO - Data successfully saved to MongoDB.
2024-12-25 01:21:08,694 - INFO - Data successfully saved to MongoDB.
2024-12-25 01:21:08,695 - INFO - Data successfully saved to MongoDB.
2024-12-25 01:21:08,696 - INFO - Data successfully saved to MongoDB.
2024-12-25 01:21:08,697 - INFO - Data successfully saved to MongoDB.
2024-12-25 01:21:08,699 - INFO - Data successfully saved to MongoDB.
2024-12-25 01:21:08,700 - INFO - Data successfully saved to MongoDB.
2024-12-25 01:21:08,702 - INFO - Data successfully saved to MongoDB.
2024-12-25 01:21:08,703 - INFO - Data successfully saved to MongoDB.
2024-12-25 01:21:08,705 - INFO - Data successfully saved to MongoDB.
2024-12-25 01:21:08,706 - INFO - Data successfully saved to MongoDB.
2024-12-25 01:21:08,707 - INFO - Data successfully saved to MongoDB.
2024-12-25 01:21:08,708 - INFO - Data successfully saved to MongoDB.
2024-12-25 01:21:08,709 - INFO - Data successfully saved to MongoDB.
2024-12-25 01:21:08,710 - INFO - Data successfully saved to MongoDB.
2024-12-25 01:21:08,711 - INFO - Data successfully saved to MongoDB.
2024-12-25 01:21:08,711 - INFO - Data successfully saved to MongoDB.
2024-12-25 01:21:08,712 - INFO - Data successfully saved to MongoDB.
2024-12-25 01:21:08,713 - INFO - Data successfully saved to MongoDB.
2024-12-25 01:21:08,713 - INFO - Data successfully saved to MongoDB.
2024-12-25 01:21:08,713 - INFO - Data successfully saved to MongoDB.
2024-12-25 01:21:08,714 - WARNING - No data to insert into MongoDB.
2024-12-25 01:21:19,098 - ERROR - Error occurred while processing result 26: Message: 
Stacktrace:
#0 0x562bc634834a <unknown>
#1 0x562bc5e5e6e0 <unknown>
#2 0x562bc5ead3e6 <unknown>
#3 0x562bc5ead681 <unknown>
#4 0x562bc5ea1b26 <unknown>
#5 0x562bc5ed148d <unknown>
#6 0x562bc5ea1a18 <unknown>
#7 0x562bc5ed162e <unknown>
#8 0x562bc5eefed7 <unknown>
#9 0x562bc5ed1203 <unknown>
#10 0x562bc5e9fcc0 <unknown>
#11 0x562bc5ea0c9e <unknown>
#12 0x562bc6315d3b <unknown>
#13 0x562bc6319cc2 <unknown>
#14 0x562bc6302b6c <unknown>
#15 0x562bc631a837 <unknown>
#16 0x562bc62e810f <unknown>
#17 0x562bc63375a8 <unknown>
#18 0x562bc6337770 <unknown>
#19 0x562bc63471c6 <unknown>
#20 0x7f5ccfa61a94 <unknown>
#21 0x7f5ccfaeec3c <unknown>

2024-12-25 01:21:21,153 - INFO - Slept for 2.05 seconds
2024-12-25 01:21:24,217 - INFO - Slept for 3.01 seconds
2024-12-25 01:21:24,217 - INFO - Scraped data: {'Result Index': 26, 'Name': 'Leyla Azizova', 'Job Title': 'Software Engineer', 'Email': 'N/A', 'Company': 'Google', 'Company Info': 'Google, Information Technology And Services, 10001 people in team', 'Website Link': 'https://google.com/'}
2024-12-25 01:21:24,219 - INFO - Data successfully saved to MongoDB.
2024-12-25 01:21:24,220 - INFO - Data successfully saved to MongoDB.
2024-12-25 01:21:24,221 - INFO - Data successfully saved to MongoDB.
2024-12-25 01:21:24,222 - INFO - Data successfully saved to MongoDB.
2024-12-25 01:21:24,223 - INFO - Data successfully saved to MongoDB.
2024-12-25 01:21:24,224 - INFO - Data successfully saved to MongoDB.
2024-12-25 01:21:24,225 - INFO - Data successfully saved to MongoDB.
2024-12-25 01:21:24,226 - INFO - Data successfully saved to MongoDB.
2024-12-25 01:21:24,227 - INFO - Data successfully saved to MongoDB.
2024-12-25 01:21:24,227 - INFO - Data successfully saved to MongoDB.
2024-12-25 01:21:24,228 - INFO - Data successfully saved to MongoDB.
2024-12-25 01:21:24,229 - INFO - Data successfully saved to MongoDB.
2024-12-25 01:21:24,230 - INFO - Data successfully saved to MongoDB.
2024-12-25 01:21:24,231 - INFO - Data successfully saved to MongoDB.
2024-12-25 01:21:24,232 - INFO - Data successfully saved to MongoDB.
2024-12-25 01:21:24,233 - INFO - Data successfully saved to MongoDB.
2024-12-25 01:21:24,234 - INFO - Data successfully saved to MongoDB.
2024-12-25 01:21:24,235 - INFO - Data successfully saved to MongoDB.
2024-12-25 01:21:24,235 - INFO - Data successfully saved to MongoDB.
2024-12-25 01:21:24,236 - INFO - Data successfully saved to MongoDB.
2024-12-25 01:21:24,237 - INFO - Data successfully saved to MongoDB.
2024-12-25 01:21:24,238 - INFO - Data successfully saved to MongoDB.
2024-12-25 01:21:24,239 - INFO - Data successfully saved to MongoDB.
2024-12-25 01:21:24,240 - INFO - Data successfully saved to MongoDB.
2024-12-25 01:21:24,241 - INFO - Data successfully saved to MongoDB.
2024-12-25 01:21:24,241 - INFO - Data successfully saved to MongoDB.
2024-12-25 01:21:24,242 - WARNING - No data to insert into MongoDB.
2024-12-25 01:21:26,693 - INFO - Slept for 2.34 seconds
2024-12-25 01:21:26,701 - ERROR - Error occurred while processing result 27: Message: no such window: target window already closed
from unknown error: web view not found
  (Session info: chrome=131.0.6778.204)
Stacktrace:
#0 0x562bc634834a <unknown>
#1 0x562bc5e5e6e0 <unknown>
#2 0x562bc5e3438f <unknown>
#3 0x562bc5ed989d <unknown>
#4 0x562bc5eef88c <unknown>
#5 0x562bc5ed1203 <unknown>
#6 0x562bc5e9fcc0 <unknown>
#7 0x562bc5ea0c9e <unknown>
#8 0x562bc6315d3b <unknown>
#9 0x562bc6319cc2 <unknown>
#10 0x562bc6302b6c <unknown>
#11 0x562bc631a837 <unknown>
#12 0x562bc62e810f <unknown>
#13 0x562bc63375a8 <unknown>
#14 0x562bc6337770 <unknown>
#15 0x562bc63471c6 <unknown>
#16 0x7f5ccfa61a94 <unknown>
#17 0x7f5ccfaeec3c <unknown>

2024-12-25 01:21:26,707 - ERROR - Error occurred while processing result 27: Message: no such window: target window already closed
from unknown error: web view not found
  (Session info: chrome=131.0.6778.204)
Stacktrace:
#0 0x562bc634834a <unknown>
#1 0x562bc5e5e6e0 <unknown>
#2 0x562bc5e3438f <unknown>
#3 0x562bc5ed989d <unknown>
#4 0x562bc5eef88c <unknown>
#5 0x562bc5ed1203 <unknown>
#6 0x562bc5e9fcc0 <unknown>
#7 0x562bc5ea0c9e <unknown>
#8 0x562bc6315d3b <unknown>
#9 0x562bc6319cc2 <unknown>
#10 0x562bc6302b6c <unknown>
#11 0x562bc631a837 <unknown>
#12 0x562bc62e810f <unknown>
#13 0x562bc63375a8 <unknown>
#14 0x562bc6337770 <unknown>
#15 0x562bc63471c6 <unknown>
#16 0x7f5ccfa61a94 <unknown>
#17 0x7f5ccfaeec3c <unknown>

2024-12-25 01:21:26,712 - ERROR - Unexpected error extracting website link for result 27: Message: no such window: target window already closed
from unknown error: web view not found
  (Session info: chrome=131.0.6778.204)
Stacktrace:
#0 0x562bc634834a <unknown>
#1 0x562bc5e5e6e0 <unknown>
#2 0x562bc5e3438f <unknown>
#3 0x562bc5ed989d <unknown>
#4 0x562bc5eef88c <unknown>
#5 0x562bc5ed1203 <unknown>
#6 0x562bc5e9fcc0 <unknown>
#7 0x562bc5ea0c9e <unknown>
#8 0x562bc6315d3b <unknown>
#9 0x562bc6319cc2 <unknown>
#10 0x562bc6302b6c <unknown>
#11 0x562bc631a837 <unknown>
#12 0x562bc62e810f <unknown>
#13 0x562bc63375a8 <unknown>
#14 0x562bc6337770 <unknown>
#15 0x562bc63471c6 <unknown>
#16 0x7f5ccfa61a94 <unknown>
#17 0x7f5ccfaeec3c <unknown>

2024-12-25 01:21:28,770 - INFO - Slept for 2.06 seconds
2024-12-25 01:21:28,771 - INFO - Scraped data: {'Result Index': 27, 'Name': 'Daniel Zinn', 'Job Title': 'Senior Software Engineer', 'Email': 'dhiddenhi@hidden.com', 'Company': 'N/A', 'Company Info': 'N/A', 'Website Link': 'N/A'}
2024-12-25 01:21:28,772 - INFO - Data successfully saved to MongoDB.
2024-12-25 01:21:28,773 - INFO - Data successfully saved to MongoDB.
2024-12-25 01:21:28,773 - INFO - Data successfully saved to MongoDB.
2024-12-25 01:21:28,774 - INFO - Data successfully saved to MongoDB.
2024-12-25 01:21:28,774 - INFO - Data successfully saved to MongoDB.
2024-12-25 01:21:28,775 - INFO - Data successfully saved to MongoDB.
2024-12-25 01:21:28,776 - INFO - Data successfully saved to MongoDB.
2024-12-25 01:21:28,776 - INFO - Data successfully saved to MongoDB.
2024-12-25 01:21:28,777 - INFO - Data successfully saved to MongoDB.
2024-12-25 01:21:28,777 - INFO - Data successfully saved to MongoDB.
2024-12-25 01:21:28,778 - INFO - Data successfully saved to MongoDB.
2024-12-25 01:21:28,779 - INFO - Data successfully saved to MongoDB.
2024-12-25 01:21:28,779 - INFO - Data successfully saved to MongoDB.
2024-12-25 01:21:28,780 - INFO - Data successfully saved to MongoDB.
2024-12-25 01:21:28,780 - INFO - Data successfully saved to MongoDB.
2024-12-25 01:21:28,781 - INFO - Data successfully saved to MongoDB.
2024-12-25 01:21:28,781 - INFO - Data successfully saved to MongoDB.
2024-12-25 01:21:28,781 - INFO - Data successfully saved to MongoDB.
2024-12-25 01:21:28,782 - INFO - Data successfully saved to MongoDB.
2024-12-25 01:21:28,782 - INFO - Data successfully saved to MongoDB.
2024-12-25 01:21:28,782 - INFO - Data successfully saved to MongoDB.
2024-12-25 01:21:28,783 - INFO - Data successfully saved to MongoDB.
2024-12-25 01:21:28,783 - INFO - Data successfully saved to MongoDB.
2024-12-25 01:21:28,783 - INFO - Data successfully saved to MongoDB.
2024-12-25 01:21:28,784 - INFO - Data successfully saved to MongoDB.
2024-12-25 01:21:28,784 - INFO - Data successfully saved to MongoDB.
2024-12-25 01:21:28,784 - INFO - Data successfully saved to MongoDB.
2024-12-25 01:21:28,784 - WARNING - No data to insert into MongoDB.
2024-12-25 01:21:28,785 - WARNING - Retrying (Retry(total=2, connect=None, read=None, redirect=None, status=None)) after connection broken by 'NewConnectionError('<urllib3.connection.HTTPConnection object at 0x7fd9fc56fa70>: Failed to establish a new connection: [Errno 111] Connection refused')': /session/9fdee61a5ac4a9599193c89282cab9ec/element/f.103B8F43AF98593E23E7DF176ED374F9.d.04D346C432548363DE7BDEFA761A6080.e.1257/element
2024-12-25 01:21:28,785 - WARNING - Retrying (Retry(total=1, connect=None, read=None, redirect=None, status=None)) after connection broken by 'NewConnectionError('<urllib3.connection.HTTPConnection object at 0x7fd9fbc38e00>: Failed to establish a new connection: [Errno 111] Connection refused')': /session/9fdee61a5ac4a9599193c89282cab9ec/element/f.103B8F43AF98593E23E7DF176ED374F9.d.04D346C432548363DE7BDEFA761A6080.e.1257/element
2024-12-25 01:21:28,786 - WARNING - Retrying (Retry(total=0, connect=None, read=None, redirect=None, status=None)) after connection broken by 'NewConnectionError('<urllib3.connection.HTTPConnection object at 0x7fd9fbc39430>: Failed to establish a new connection: [Errno 111] Connection refused')': /session/9fdee61a5ac4a9599193c89282cab9ec/element/f.103B8F43AF98593E23E7DF176ED374F9.d.04D346C432548363DE7BDEFA761A6080.e.1257/element
2024-12-25 01:21:28,786 - ERROR - Error extracting name for result 28: HTTPConnectionPool(host='localhost', port=56279): Max retries exceeded with url: /session/9fdee61a5ac4a9599193c89282cab9ec/element/f.103B8F43AF98593E23E7DF176ED374F9.d.04D346C432548363DE7BDEFA761A6080.e.1257/element (Caused by NewConnectionError('<urllib3.connection.HTTPConnection object at 0x7fd9fbc38620>: Failed to establish a new connection: [Errno 111] Connection refused'))
2024-12-25 01:21:28,787 - WARNING - Retrying (Retry(total=2, connect=None, read=None, redirect=None, status=None)) after connection broken by 'NewConnectionError('<urllib3.connection.HTTPConnection object at 0x7fd9fbc396d0>: Failed to establish a new connection: [Errno 111] Connection refused')': /session/9fdee61a5ac4a9599193c89282cab9ec/element/f.103B8F43AF98593E23E7DF176ED374F9.d.04D346C432548363DE7BDEFA761A6080.e.1257/element
2024-12-25 01:21:28,788 - WARNING - Retrying (Retry(total=1, connect=None, read=None, redirect=None, status=None)) after connection broken by 'NewConnectionError('<urllib3.connection.HTTPConnection object at 0x7fd9fbc398b0>: Failed to establish a new connection: [Errno 111] Connection refused')': /session/9fdee61a5ac4a9599193c89282cab9ec/element/f.103B8F43AF98593E23E7DF176ED374F9.d.04D346C432548363DE7BDEFA761A6080.e.1257/element
2024-12-25 01:21:28,788 - WARNING - Retrying (Retry(total=0, connect=None, read=None, redirect=None, status=None)) after connection broken by 'NewConnectionError('<urllib3.connection.HTTPConnection object at 0x7fd9fbc39a90>: Failed to establish a new connection: [Errno 111] Connection refused')': /session/9fdee61a5ac4a9599193c89282cab9ec/element/f.103B8F43AF98593E23E7DF176ED374F9.d.04D346C432548363DE7BDEFA761A6080.e.1257/element
2024-12-25 01:21:28,788 - ERROR - Error extracting job title for result 28: HTTPConnectionPool(host='localhost', port=56279): Max retries exceeded with url: /session/9fdee61a5ac4a9599193c89282cab9ec/element/f.103B8F43AF98593E23E7DF176ED374F9.d.04D346C432548363DE7BDEFA761A6080.e.1257/element (Caused by NewConnectionError('<urllib3.connection.HTTPConnection object at 0x7fd9fbc39c70>: Failed to establish a new connection: [Errno 111] Connection refused'))
2024-12-25 01:21:28,789 - WARNING - Retrying (Retry(total=2, connect=None, read=None, redirect=None, status=None)) after connection broken by 'NewConnectionError('<urllib3.connection.HTTPConnection object at 0x7fd9fbc39fa0>: Failed to establish a new connection: [Errno 111] Connection refused')': /session/9fdee61a5ac4a9599193c89282cab9ec/element/f.103B8F43AF98593E23E7DF176ED374F9.d.04D346C432548363DE7BDEFA761A6080.e.1257/element
2024-12-25 01:21:28,789 - WARNING - Retrying (Retry(total=1, connect=None, read=None, redirect=None, status=None)) after connection broken by 'NewConnectionError('<urllib3.connection.HTTPConnection object at 0x7fd9fc595a30>: Failed to establish a new connection: [Errno 111] Connection refused')': /session/9fdee61a5ac4a9599193c89282cab9ec/element/f.103B8F43AF98593E23E7DF176ED374F9.d.04D346C432548363DE7BDEFA761A6080.e.1257/element
2024-12-25 01:21:28,789 - WARNING - Retrying (Retry(total=0, connect=None, read=None, redirect=None, status=None)) after connection broken by 'NewConnectionError('<urllib3.connection.HTTPConnection object at 0x7fd9fbc386b0>: Failed to establish a new connection: [Errno 111] Connection refused')': /session/9fdee61a5ac4a9599193c89282cab9ec/element/f.103B8F43AF98593E23E7DF176ED374F9.d.04D346C432548363DE7BDEFA761A6080.e.1257/element
2024-12-25 01:21:28,789 - ERROR - Error occurred while processing result 28: HTTPConnectionPool(host='localhost', port=56279): Max retries exceeded with url: /session/9fdee61a5ac4a9599193c89282cab9ec/element/f.103B8F43AF98593E23E7DF176ED374F9.d.04D346C432548363DE7BDEFA761A6080.e.1257/element (Caused by NewConnectionError('<urllib3.connection.HTTPConnection object at 0x7fd9fbc39b80>: Failed to establish a new connection: [Errno 111] Connection refused'))
2024-12-25 01:21:32,176 - INFO - Slept for 3.39 seconds
2024-12-25 01:21:32,177 - WARNING - Retrying (Retry(total=2, connect=None, read=None, redirect=None, status=None)) after connection broken by 'NewConnectionError('<urllib3.connection.HTTPConnection object at 0x7fd9fbc398e0>: Failed to establish a new connection: [Errno 111] Connection refused')': /session/9fdee61a5ac4a9599193c89282cab9ec/element/f.103B8F43AF98593E23E7DF176ED374F9.d.04D346C432548363DE7BDEFA761A6080.e.1257/element
2024-12-25 01:21:32,178 - WARNING - Retrying (Retry(total=1, connect=None, read=None, redirect=None, status=None)) after connection broken by 'NewConnectionError('<urllib3.connection.HTTPConnection object at 0x7fd9fbc39730>: Failed to establish a new connection: [Errno 111] Connection refused')': /session/9fdee61a5ac4a9599193c89282cab9ec/element/f.103B8F43AF98593E23E7DF176ED374F9.d.04D346C432548363DE7BDEFA761A6080.e.1257/element
2024-12-25 01:21:32,178 - WARNING - Retrying (Retry(total=0, connect=None, read=None, redirect=None, status=None)) after connection broken by 'NewConnectionError('<urllib3.connection.HTTPConnection object at 0x7fd9fbc38b00>: Failed to establish a new connection: [Errno 111] Connection refused')': /session/9fdee61a5ac4a9599193c89282cab9ec/element/f.103B8F43AF98593E23E7DF176ED374F9.d.04D346C432548363DE7BDEFA761A6080.e.1257/element
2024-12-25 01:21:32,178 - ERROR - Error occurred while processing result 28: HTTPConnectionPool(host='localhost', port=56279): Max retries exceeded with url: /session/9fdee61a5ac4a9599193c89282cab9ec/element/f.103B8F43AF98593E23E7DF176ED374F9.d.04D346C432548363DE7BDEFA761A6080.e.1257/element (Caused by NewConnectionError('<urllib3.connection.HTTPConnection object at 0x7fd9fbc39340>: Failed to establish a new connection: [Errno 111] Connection refused'))
2024-12-25 01:21:32,179 - WARNING - Retrying (Retry(total=2, connect=None, read=None, redirect=None, status=None)) after connection broken by 'NewConnectionError('<urllib3.connection.HTTPConnection object at 0x7fd9fbc390a0>: Failed to establish a new connection: [Errno 111] Connection refused')': /session/9fdee61a5ac4a9599193c89282cab9ec/element/f.103B8F43AF98593E23E7DF176ED374F9.d.04D346C432548363DE7BDEFA761A6080.e.1257/element
2024-12-25 01:21:32,179 - WARNING - Retrying (Retry(total=1, connect=None, read=None, redirect=None, status=None)) after connection broken by 'NewConnectionError('<urllib3.connection.HTTPConnection object at 0x7fd9fbc3a1e0>: Failed to establish a new connection: [Errno 111] Connection refused')': /session/9fdee61a5ac4a9599193c89282cab9ec/element/f.103B8F43AF98593E23E7DF176ED374F9.d.04D346C432548363DE7BDEFA761A6080.e.1257/element
2024-12-25 01:21:32,180 - WARNING - Retrying (Retry(total=0, connect=None, read=None, redirect=None, status=None)) after connection broken by 'NewConnectionError('<urllib3.connection.HTTPConnection object at 0x7fd9fbc3a420>: Failed to establish a new connection: [Errno 111] Connection refused')': /session/9fdee61a5ac4a9599193c89282cab9ec/element/f.103B8F43AF98593E23E7DF176ED374F9.d.04D346C432548363DE7BDEFA761A6080.e.1257/element
2024-12-25 01:21:32,180 - ERROR - Error occurred while processing result 28: HTTPConnectionPool(host='localhost', port=56279): Max retries exceeded with url: /session/9fdee61a5ac4a9599193c89282cab9ec/element/f.103B8F43AF98593E23E7DF176ED374F9.d.04D346C432548363DE7BDEFA761A6080.e.1257/element (Caused by NewConnectionError('<urllib3.connection.HTTPConnection object at 0x7fd9fbc3a660>: Failed to establish a new connection: [Errno 111] Connection refused'))
2024-12-25 01:21:32,181 - WARNING - Retrying (Retry(total=2, connect=None, read=None, redirect=None, status=None)) after connection broken by 'NewConnectionError('<urllib3.connection.HTTPConnection object at 0x7fd9fbc3aa50>: Failed to establish a new connection: [Errno 111] Connection refused')': /session/9fdee61a5ac4a9599193c89282cab9ec/element/f.103B8F43AF98593E23E7DF176ED374F9.d.04D346C432548363DE7BDEFA761A6080.e.1257/element
2024-12-25 01:21:32,181 - WARNING - Retrying (Retry(total=1, connect=None, read=None, redirect=None, status=None)) after connection broken by 'NewConnectionError('<urllib3.connection.HTTPConnection object at 0x7fd9fbc3ac90>: Failed to establish a new connection: [Errno 111] Connection refused')': /session/9fdee61a5ac4a9599193c89282cab9ec/element/f.103B8F43AF98593E23E7DF176ED374F9.d.04D346C432548363DE7BDEFA761A6080.e.1257/element
2024-12-25 01:21:32,181 - WARNING - Retrying (Retry(total=0, connect=None, read=None, redirect=None, status=None)) after connection broken by 'NewConnectionError('<urllib3.connection.HTTPConnection object at 0x7fd9fbc3aed0>: Failed to establish a new connection: [Errno 111] Connection refused')': /session/9fdee61a5ac4a9599193c89282cab9ec/element/f.103B8F43AF98593E23E7DF176ED374F9.d.04D346C432548363DE7BDEFA761A6080.e.1257/element
2024-12-25 01:21:32,182 - ERROR - Unexpected error extracting website link for result 28: HTTPConnectionPool(host='localhost', port=56279): Max retries exceeded with url: /session/9fdee61a5ac4a9599193c89282cab9ec/element/f.103B8F43AF98593E23E7DF176ED374F9.d.04D346C432548363DE7BDEFA761A6080.e.1257/element (Caused by NewConnectionError('<urllib3.connection.HTTPConnection object at 0x7fd9fbc3b110>: Failed to establish a new connection: [Errno 111] Connection refused'))
2024-12-25 01:21:35,414 - INFO - Slept for 3.23 seconds
2024-12-25 01:21:35,414 - INFO - Scraped data: {'Result Index': 28, 'Name': 'N/A', 'Job Title': 'N/A', 'Email': 'N/A', 'Company': 'N/A', 'Company Info': 'N/A', 'Website Link': 'N/A'}
2024-12-25 01:21:35,415 - INFO - Data successfully saved to MongoDB.
2024-12-25 01:21:35,416 - INFO - Data successfully saved to MongoDB.
2024-12-25 01:21:35,416 - INFO - Data successfully saved to MongoDB.
2024-12-25 01:21:35,417 - INFO - Data successfully saved to MongoDB.
2024-12-25 01:21:35,417 - INFO - Data successfully saved to MongoDB.
2024-12-25 01:21:35,417 - INFO - Data successfully saved to MongoDB.
2024-12-25 01:21:35,418 - INFO - Data successfully saved to MongoDB.
2024-12-25 01:21:35,418 - INFO - Data successfully saved to MongoDB.
2024-12-25 01:21:35,418 - INFO - Data successfully saved to MongoDB.
2024-12-25 01:21:35,419 - INFO - Data successfully saved to MongoDB.
2024-12-25 01:21:35,419 - INFO - Data successfully saved to MongoDB.
2024-12-25 01:21:35,419 - INFO - Data successfully saved to MongoDB.
2024-12-25 01:21:35,420 - INFO - Data successfully saved to MongoDB.
2024-12-25 01:21:35,420 - INFO - Data successfully saved to MongoDB.
2024-12-25 01:21:35,421 - INFO - Data successfully saved to MongoDB.
2024-12-25 01:21:35,421 - INFO - Data successfully saved to MongoDB.
2024-12-25 01:21:35,421 - INFO - Data successfully saved to MongoDB.
2024-12-25 01:21:35,422 - INFO - Data successfully saved to MongoDB.
2024-12-25 01:21:35,422 - INFO - Data successfully saved to MongoDB.
2024-12-25 01:21:35,422 - INFO - Data successfully saved to MongoDB.
2024-12-25 01:21:35,423 - INFO - Data successfully saved to MongoDB.
2024-12-25 01:21:35,423 - INFO - Data successfully saved to MongoDB.
2024-12-25 01:21:35,424 - INFO - Data successfully saved to MongoDB.
2024-12-25 01:21:35,424 - INFO - Data successfully saved to MongoDB.
2024-12-25 01:21:35,424 - INFO - Data successfully saved to MongoDB.
2024-12-25 01:21:35,425 - INFO - Data successfully saved to MongoDB.
2024-12-25 01:21:35,425 - INFO - Data successfully saved to MongoDB.
2024-12-25 01:21:35,425 - INFO - Data successfully saved to MongoDB.
2024-12-25 01:21:35,425 - WARNING - No data to insert into MongoDB.
2024-12-25 01:21:35,426 - WARNING - Retrying (Retry(total=2, connect=None, read=None, redirect=None, status=None)) after connection broken by 'NewConnectionError('<urllib3.connection.HTTPConnection object at 0x7fd9fc5968a0>: Failed to establish a new connection: [Errno 111] Connection refused')': /session/9fdee61a5ac4a9599193c89282cab9ec/element/f.103B8F43AF98593E23E7DF176ED374F9.d.04D346C432548363DE7BDEFA761A6080.e.1258/element
2024-12-25 01:21:35,426 - WARNING - Retrying (Retry(total=1, connect=None, read=None, redirect=None, status=None)) after connection broken by 'NewConnectionError('<urllib3.connection.HTTPConnection object at 0x7fd9fbc39af0>: Failed to establish a new connection: [Errno 111] Connection refused')': /session/9fdee61a5ac4a9599193c89282cab9ec/element/f.103B8F43AF98593E23E7DF176ED374F9.d.04D346C432548363DE7BDEFA761A6080.e.1258/element
2024-12-25 01:21:35,426 - WARNING - Retrying (Retry(total=0, connect=None, read=None, redirect=None, status=None)) after connection broken by 'NewConnectionError('<urllib3.connection.HTTPConnection object at 0x7fd9fbc3a600>: Failed to establish a new connection: [Errno 111] Connection refused')': /session/9fdee61a5ac4a9599193c89282cab9ec/element/f.103B8F43AF98593E23E7DF176ED374F9.d.04D346C432548363DE7BDEFA761A6080.e.1258/element
2024-12-25 01:21:35,427 - ERROR - Error extracting name for result 29: HTTPConnectionPool(host='localhost', port=56279): Max retries exceeded with url: /session/9fdee61a5ac4a9599193c89282cab9ec/element/f.103B8F43AF98593E23E7DF176ED374F9.d.04D346C432548363DE7BDEFA761A6080.e.1258/element (Caused by NewConnectionError('<urllib3.connection.HTTPConnection object at 0x7fd9fbc3a4b0>: Failed to establish a new connection: [Errno 111] Connection refused'))
2024-12-25 01:21:35,427 - WARNING - Retrying (Retry(total=2, connect=None, read=None, redirect=None, status=None)) after connection broken by 'NewConnectionError('<urllib3.connection.HTTPConnection object at 0x7fd9fbc39460>: Failed to establish a new connection: [Errno 111] Connection refused')': /session/9fdee61a5ac4a9599193c89282cab9ec/element/f.103B8F43AF98593E23E7DF176ED374F9.d.04D346C432548363DE7BDEFA761A6080.e.1258/element
2024-12-25 01:21:35,427 - WARNING - Retrying (Retry(total=1, connect=None, read=None, redirect=None, status=None)) after connection broken by 'NewConnectionError('<urllib3.connection.HTTPConnection object at 0x7fd9fbc39ee0>: Failed to establish a new connection: [Errno 111] Connection refused')': /session/9fdee61a5ac4a9599193c89282cab9ec/element/f.103B8F43AF98593E23E7DF176ED374F9.d.04D346C432548363DE7BDEFA761A6080.e.1258/element
2024-12-25 01:21:35,427 - WARNING - Retrying (Retry(total=0, connect=None, read=None, redirect=None, status=None)) after connection broken by 'NewConnectionError('<urllib3.connection.HTTPConnection object at 0x7fd9fbc38710>: Failed to establish a new connection: [Errno 111] Connection refused')': /session/9fdee61a5ac4a9599193c89282cab9ec/element/f.103B8F43AF98593E23E7DF176ED374F9.d.04D346C432548363DE7BDEFA761A6080.e.1258/element
2024-12-25 01:21:35,428 - ERROR - Error extracting job title for result 29: HTTPConnectionPool(host='localhost', port=56279): Max retries exceeded with url: /session/9fdee61a5ac4a9599193c89282cab9ec/element/f.103B8F43AF98593E23E7DF176ED374F9.d.04D346C432548363DE7BDEFA761A6080.e.1258/element (Caused by NewConnectionError('<urllib3.connection.HTTPConnection object at 0x7fd9fbc394f0>: Failed to establish a new connection: [Errno 111] Connection refused'))
2024-12-25 01:21:35,428 - WARNING - Retrying (Retry(total=2, connect=None, read=None, redirect=None, status=None)) after connection broken by 'NewConnectionError('<urllib3.connection.HTTPConnection object at 0x7fd9fbc39a60>: Failed to establish a new connection: [Errno 111] Connection refused')': /session/9fdee61a5ac4a9599193c89282cab9ec/element/f.103B8F43AF98593E23E7DF176ED374F9.d.04D346C432548363DE7BDEFA761A6080.e.1258/element
2024-12-25 01:21:35,428 - WARNING - Retrying (Retry(total=1, connect=None, read=None, redirect=None, status=None)) after connection broken by 'NewConnectionError('<urllib3.connection.HTTPConnection object at 0x7fd9fbc39b80>: Failed to establish a new connection: [Errno 111] Connection refused')': /session/9fdee61a5ac4a9599193c89282cab9ec/element/f.103B8F43AF98593E23E7DF176ED374F9.d.04D346C432548363DE7BDEFA761A6080.e.1258/element
2024-12-25 01:21:35,428 - WARNING - Retrying (Retry(total=0, connect=None, read=None, redirect=None, status=None)) after connection broken by 'NewConnectionError('<urllib3.connection.HTTPConnection object at 0x7fd9fbc3b260>: Failed to establish a new connection: [Errno 111] Connection refused')': /session/9fdee61a5ac4a9599193c89282cab9ec/element/f.103B8F43AF98593E23E7DF176ED374F9.d.04D346C432548363DE7BDEFA761A6080.e.1258/element
2024-12-25 01:21:35,428 - ERROR - Error occurred while processing result 29: HTTPConnectionPool(host='localhost', port=56279): Max retries exceeded with url: /session/9fdee61a5ac4a9599193c89282cab9ec/element/f.103B8F43AF98593E23E7DF176ED374F9.d.04D346C432548363DE7BDEFA761A6080.e.1258/element (Caused by NewConnectionError('<urllib3.connection.HTTPConnection object at 0x7fd9fbc3b4a0>: Failed to establish a new connection: [Errno 111] Connection refused'))
2024-12-25 01:21:38,723 - INFO - Slept for 3.29 seconds
2024-12-25 01:21:38,723 - WARNING - Retrying (Retry(total=2, connect=None, read=None, redirect=None, status=None)) after connection broken by 'NewConnectionError('<urllib3.connection.HTTPConnection object at 0x7fd9fbc3b890>: Failed to establish a new connection: [Errno 111] Connection refused')': /session/9fdee61a5ac4a9599193c89282cab9ec/element/f.103B8F43AF98593E23E7DF176ED374F9.d.04D346C432548363DE7BDEFA761A6080.e.1258/element
2024-12-25 01:21:38,724 - WARNING - Retrying (Retry(total=1, connect=None, read=None, redirect=None, status=None)) after connection broken by 'NewConnectionError('<urllib3.connection.HTTPConnection object at 0x7fd9fbc3bad0>: Failed to establish a new connection: [Errno 111] Connection refused')': /session/9fdee61a5ac4a9599193c89282cab9ec/element/f.103B8F43AF98593E23E7DF176ED374F9.d.04D346C432548363DE7BDEFA761A6080.e.1258/element
2024-12-25 01:21:38,724 - WARNING - Retrying (Retry(total=0, connect=None, read=None, redirect=None, status=None)) after connection broken by 'NewConnectionError('<urllib3.connection.HTTPConnection object at 0x7fd9fbc3bd10>: Failed to establish a new connection: [Errno 111] Connection refused')': /session/9fdee61a5ac4a9599193c89282cab9ec/element/f.103B8F43AF98593E23E7DF176ED374F9.d.04D346C432548363DE7BDEFA761A6080.e.1258/element
2024-12-25 01:21:38,724 - ERROR - Error occurred while processing result 29: HTTPConnectionPool(host='localhost', port=56279): Max retries exceeded with url: /session/9fdee61a5ac4a9599193c89282cab9ec/element/f.103B8F43AF98593E23E7DF176ED374F9.d.04D346C432548363DE7BDEFA761A6080.e.1258/element (Caused by NewConnectionError('<urllib3.connection.HTTPConnection object at 0x7fd9fc596750>: Failed to establish a new connection: [Errno 111] Connection refused'))
2024-12-25 01:21:38,724 - WARNING - Retrying (Retry(total=2, connect=None, read=None, redirect=None, status=None)) after connection broken by 'NewConnectionError('<urllib3.connection.HTTPConnection object at 0x7fd9fbc39b20>: Failed to establish a new connection: [Errno 111] Connection refused')': /session/9fdee61a5ac4a9599193c89282cab9ec/element/f.103B8F43AF98593E23E7DF176ED374F9.d.04D346C432548363DE7BDEFA761A6080.e.1258/element
2024-12-25 01:21:38,725 - WARNING - Retrying (Retry(total=1, connect=None, read=None, redirect=None, status=None)) after connection broken by 'NewConnectionError('<urllib3.connection.HTTPConnection object at 0x7fd9fbc3b4d0>: Failed to establish a new connection: [Errno 111] Connection refused')': /session/9fdee61a5ac4a9599193c89282cab9ec/element/f.103B8F43AF98593E23E7DF176ED374F9.d.04D346C432548363DE7BDEFA761A6080.e.1258/element
2024-12-25 01:21:38,725 - WARNING - Retrying (Retry(total=0, connect=None, read=None, redirect=None, status=None)) after connection broken by 'NewConnectionError('<urllib3.connection.HTTPConnection object at 0x7fd9fbc3b200>: Failed to establish a new connection: [Errno 111] Connection refused')': /session/9fdee61a5ac4a9599193c89282cab9ec/element/f.103B8F43AF98593E23E7DF176ED374F9.d.04D346C432548363DE7BDEFA761A6080.e.1258/element
2024-12-25 01:21:38,725 - ERROR - Error occurred while processing result 29: HTTPConnectionPool(host='localhost', port=56279): Max retries exceeded with url: /session/9fdee61a5ac4a9599193c89282cab9ec/element/f.103B8F43AF98593E23E7DF176ED374F9.d.04D346C432548363DE7BDEFA761A6080.e.1258/element (Caused by NewConnectionError('<urllib3.connection.HTTPConnection object at 0x7fd9fbc397c0>: Failed to establish a new connection: [Errno 111] Connection refused'))
2024-12-25 01:21:38,725 - WARNING - Retrying (Retry(total=2, connect=None, read=None, redirect=None, status=None)) after connection broken by 'NewConnectionError('<urllib3.connection.HTTPConnection object at 0x7fd9fbc39580>: Failed to establish a new connection: [Errno 111] Connection refused')': /session/9fdee61a5ac4a9599193c89282cab9ec/element/f.103B8F43AF98593E23E7DF176ED374F9.d.04D346C432548363DE7BDEFA761A6080.e.1258/element
2024-12-25 01:21:38,725 - WARNING - Retrying (Retry(total=1, connect=None, read=None, redirect=None, status=None)) after connection broken by 'NewConnectionError('<urllib3.connection.HTTPConnection object at 0x7fd9fbc39550>: Failed to establish a new connection: [Errno 111] Connection refused')': /session/9fdee61a5ac4a9599193c89282cab9ec/element/f.103B8F43AF98593E23E7DF176ED374F9.d.04D346C432548363DE7BDEFA761A6080.e.1258/element
2024-12-25 01:21:38,726 - WARNING - Retrying (Retry(total=0, connect=None, read=None, redirect=None, status=None)) after connection broken by 'NewConnectionError('<urllib3.connection.HTTPConnection object at 0x7fd9fbc39310>: Failed to establish a new connection: [Errno 111] Connection refused')': /session/9fdee61a5ac4a9599193c89282cab9ec/element/f.103B8F43AF98593E23E7DF176ED374F9.d.04D346C432548363DE7BDEFA761A6080.e.1258/element
2024-12-25 01:21:38,726 - ERROR - Unexpected error extracting website link for result 29: HTTPConnectionPool(host='localhost', port=56279): Max retries exceeded with url: /session/9fdee61a5ac4a9599193c89282cab9ec/element/f.103B8F43AF98593E23E7DF176ED374F9.d.04D346C432548363DE7BDEFA761A6080.e.1258/element (Caused by NewConnectionError('<urllib3.connection.HTTPConnection object at 0x7fd9fbc39460>: Failed to establish a new connection: [Errno 111] Connection refused'))
2024-12-25 01:21:43,387 - INFO - Slept for 4.66 seconds
2024-12-25 01:21:43,387 - INFO - Scraped data: {'Result Index': 29, 'Name': 'N/A', 'Job Title': 'N/A', 'Email': 'N/A', 'Company': 'N/A', 'Company Info': 'N/A', 'Website Link': 'N/A'}
2024-12-25 01:21:43,388 - INFO - Data successfully saved to MongoDB.
2024-12-25 01:21:43,388 - INFO - Data successfully saved to MongoDB.
2024-12-25 01:21:43,389 - INFO - Data successfully saved to MongoDB.
2024-12-25 01:21:43,389 - INFO - Data successfully saved to MongoDB.
2024-12-25 01:21:43,389 - INFO - Data successfully saved to MongoDB.
2024-12-25 01:21:43,389 - INFO - Data successfully saved to MongoDB.
2024-12-25 01:21:43,390 - INFO - Data successfully saved to MongoDB.
2024-12-25 01:21:43,390 - INFO - Data successfully saved to MongoDB.
2024-12-25 01:21:43,390 - INFO - Data successfully saved to MongoDB.
2024-12-25 01:21:43,390 - INFO - Data successfully saved to MongoDB.
2024-12-25 01:21:43,391 - INFO - Data successfully saved to MongoDB.
2024-12-25 01:21:43,391 - INFO - Data successfully saved to MongoDB.
2024-12-25 01:21:43,391 - INFO - Data successfully saved to MongoDB.
2024-12-25 01:21:43,392 - INFO - Data successfully saved to MongoDB.
2024-12-25 01:21:43,392 - INFO - Data successfully saved to MongoDB.
2024-12-25 01:21:43,392 - INFO - Data successfully saved to MongoDB.
2024-12-25 01:21:43,392 - INFO - Data successfully saved to MongoDB.
2024-12-25 01:21:43,393 - INFO - Data successfully saved to MongoDB.
2024-12-25 01:21:43,393 - INFO - Data successfully saved to MongoDB.
2024-12-25 01:21:43,393 - INFO - Data successfully saved to MongoDB.
2024-12-25 01:21:43,393 - INFO - Data successfully saved to MongoDB.
2024-12-25 01:21:43,394 - INFO - Data successfully saved to MongoDB.
2024-12-25 01:21:43,394 - INFO - Data successfully saved to MongoDB.
2024-12-25 01:21:43,394 - INFO - Data successfully saved to MongoDB.
2024-12-25 01:21:43,394 - INFO - Data successfully saved to MongoDB.
2024-12-25 01:21:43,394 - INFO - Data successfully saved to MongoDB.
2024-12-25 01:21:43,395 - INFO - Data successfully saved to MongoDB.
2024-12-25 01:21:43,395 - INFO - Data successfully saved to MongoDB.
2024-12-25 01:21:43,396 - INFO - Data successfully saved to MongoDB.
2024-12-25 01:21:43,396 - WARNING - No data to insert into MongoDB.
2024-12-25 01:21:43,396 - WARNING - Retrying (Retry(total=2, connect=None, read=None, redirect=None, status=None)) after connection broken by 'NewConnectionError('<urllib3.connection.HTTPConnection object at 0x7fd9fbc3a4b0>: Failed to establish a new connection: [Errno 111] Connection refused')': /session/9fdee61a5ac4a9599193c89282cab9ec/element/f.103B8F43AF98593E23E7DF176ED374F9.d.04D346C432548363DE7BDEFA761A6080.e.1259/element
2024-12-25 01:21:43,396 - WARNING - Retrying (Retry(total=1, connect=None, read=None, redirect=None, status=None)) after connection broken by 'NewConnectionError('<urllib3.connection.HTTPConnection object at 0x7fd9fbc3a690>: Failed to establish a new connection: [Errno 111] Connection refused')': /session/9fdee61a5ac4a9599193c89282cab9ec/element/f.103B8F43AF98593E23E7DF176ED374F9.d.04D346C432548363DE7BDEFA761A6080.e.1259/element
2024-12-25 01:21:43,396 - WARNING - Retrying (Retry(total=0, connect=None, read=None, redirect=None, status=None)) after connection broken by 'NewConnectionError('<urllib3.connection.HTTPConnection object at 0x7fd9fbc387a0>: Failed to establish a new connection: [Errno 111] Connection refused')': /session/9fdee61a5ac4a9599193c89282cab9ec/element/f.103B8F43AF98593E23E7DF176ED374F9.d.04D346C432548363DE7BDEFA761A6080.e.1259/element
2024-12-25 01:21:43,397 - ERROR - Error extracting name for result 30: HTTPConnectionPool(host='localhost', port=56279): Max retries exceeded with url: /session/9fdee61a5ac4a9599193c89282cab9ec/element/f.103B8F43AF98593E23E7DF176ED374F9.d.04D346C432548363DE7BDEFA761A6080.e.1259/element (Caused by NewConnectionError('<urllib3.connection.HTTPConnection object at 0x7fd9fbc3bf20>: Failed to establish a new connection: [Errno 111] Connection refused'))
2024-12-25 01:21:43,397 - WARNING - Retrying (Retry(total=2, connect=None, read=None, redirect=None, status=None)) after connection broken by 'NewConnectionError('<urllib3.connection.HTTPConnection object at 0x7fd9fbc6c350>: Failed to establish a new connection: [Errno 111] Connection refused')': /session/9fdee61a5ac4a9599193c89282cab9ec/element/f.103B8F43AF98593E23E7DF176ED374F9.d.04D346C432548363DE7BDEFA761A6080.e.1259/element
2024-12-25 01:21:43,397 - WARNING - Retrying (Retry(total=1, connect=None, read=None, redirect=None, status=None)) after connection broken by 'NewConnectionError('<urllib3.connection.HTTPConnection object at 0x7fd9fbc6c590>: Failed to establish a new connection: [Errno 111] Connection refused')': /session/9fdee61a5ac4a9599193c89282cab9ec/element/f.103B8F43AF98593E23E7DF176ED374F9.d.04D346C432548363DE7BDEFA761A6080.e.1259/element
2024-12-25 01:21:43,398 - WARNING - Retrying (Retry(total=0, connect=None, read=None, redirect=None, status=None)) after connection broken by 'NewConnectionError('<urllib3.connection.HTTPConnection object at 0x7fd9fbc3a480>: Failed to establish a new connection: [Errno 111] Connection refused')': /session/9fdee61a5ac4a9599193c89282cab9ec/element/f.103B8F43AF98593E23E7DF176ED374F9.d.04D346C432548363DE7BDEFA761A6080.e.1259/element
2024-12-25 01:21:43,398 - ERROR - Error extracting job title for result 30: HTTPConnectionPool(host='localhost', port=56279): Max retries exceeded with url: /session/9fdee61a5ac4a9599193c89282cab9ec/element/f.103B8F43AF98593E23E7DF176ED374F9.d.04D346C432548363DE7BDEFA761A6080.e.1259/element (Caused by NewConnectionError('<urllib3.connection.HTTPConnection object at 0x7fd9fbc3bf20>: Failed to establish a new connection: [Errno 111] Connection refused'))
2024-12-25 01:21:43,398 - WARNING - Retrying (Retry(total=2, connect=None, read=None, redirect=None, status=None)) after connection broken by 'NewConnectionError('<urllib3.connection.HTTPConnection object at 0x7fd9fbc3a420>: Failed to establish a new connection: [Errno 111] Connection refused')': /session/9fdee61a5ac4a9599193c89282cab9ec/element/f.103B8F43AF98593E23E7DF176ED374F9.d.04D346C432548363DE7BDEFA761A6080.e.1259/element
2024-12-25 01:21:43,398 - WARNING - Retrying (Retry(total=1, connect=None, read=None, redirect=None, status=None)) after connection broken by 'NewConnectionError('<urllib3.connection.HTTPConnection object at 0x7fd9fbc3a330>: Failed to establish a new connection: [Errno 111] Connection refused')': /session/9fdee61a5ac4a9599193c89282cab9ec/element/f.103B8F43AF98593E23E7DF176ED374F9.d.04D346C432548363DE7BDEFA761A6080.e.1259/element
2024-12-25 01:21:43,398 - WARNING - Retrying (Retry(total=0, connect=None, read=None, redirect=None, status=None)) after connection broken by 'NewConnectionError('<urllib3.connection.HTTPConnection object at 0x7fd9fbc394c0>: Failed to establish a new connection: [Errno 111] Connection refused')': /session/9fdee61a5ac4a9599193c89282cab9ec/element/f.103B8F43AF98593E23E7DF176ED374F9.d.04D346C432548363DE7BDEFA761A6080.e.1259/element
2024-12-25 01:21:43,399 - ERROR - Error occurred while processing result 30: HTTPConnectionPool(host='localhost', port=56279): Max retries exceeded with url: /session/9fdee61a5ac4a9599193c89282cab9ec/element/f.103B8F43AF98593E23E7DF176ED374F9.d.04D346C432548363DE7BDEFA761A6080.e.1259/element (Caused by NewConnectionError('<urllib3.connection.HTTPConnection object at 0x7fd9fbc39dc0>: Failed to establish a new connection: [Errno 111] Connection refused'))
2024-12-25 01:21:46,400 - INFO - Slept for 3.00 seconds
2024-12-25 01:21:46,401 - WARNING - Retrying (Retry(total=2, connect=None, read=None, redirect=None, status=None)) after connection broken by 'NewConnectionError('<urllib3.connection.HTTPConnection object at 0x7fd9fbc38410>: Failed to establish a new connection: [Errno 111] Connection refused')': /session/9fdee61a5ac4a9599193c89282cab9ec/element/f.103B8F43AF98593E23E7DF176ED374F9.d.04D346C432548363DE7BDEFA761A6080.e.1259/element
2024-12-25 01:21:46,401 - WARNING - Retrying (Retry(total=1, connect=None, read=None, redirect=None, status=None)) after connection broken by 'NewConnectionError('<urllib3.connection.HTTPConnection object at 0x7fd9fbc39910>: Failed to establish a new connection: [Errno 111] Connection refused')': /session/9fdee61a5ac4a9599193c89282cab9ec/element/f.103B8F43AF98593E23E7DF176ED374F9.d.04D346C432548363DE7BDEFA761A6080.e.1259/element
2024-12-25 01:21:46,401 - WARNING - Retrying (Retry(total=0, connect=None, read=None, redirect=None, status=None)) after connection broken by 'NewConnectionError('<urllib3.connection.HTTPConnection object at 0x7fd9fbc39b80>: Failed to establish a new connection: [Errno 111] Connection refused')': /session/9fdee61a5ac4a9599193c89282cab9ec/element/f.103B8F43AF98593E23E7DF176ED374F9.d.04D346C432548363DE7BDEFA761A6080.e.1259/element
2024-12-25 01:21:46,402 - ERROR - Error occurred while processing result 30: HTTPConnectionPool(host='localhost', port=56279): Max retries exceeded with url: /session/9fdee61a5ac4a9599193c89282cab9ec/element/f.103B8F43AF98593E23E7DF176ED374F9.d.04D346C432548363DE7BDEFA761A6080.e.1259/element (Caused by NewConnectionError('<urllib3.connection.HTTPConnection object at 0x7fd9fbc3b200>: Failed to establish a new connection: [Errno 111] Connection refused'))
2024-12-25 01:21:46,402 - WARNING - Retrying (Retry(total=2, connect=None, read=None, redirect=None, status=None)) after connection broken by 'NewConnectionError('<urllib3.connection.HTTPConnection object at 0x7fd9fbc39c40>: Failed to establish a new connection: [Errno 111] Connection refused')': /session/9fdee61a5ac4a9599193c89282cab9ec/element/f.103B8F43AF98593E23E7DF176ED374F9.d.04D346C432548363DE7BDEFA761A6080.e.1259/element
2024-12-25 01:21:46,402 - WARNING - Retrying (Retry(total=1, connect=None, read=None, redirect=None, status=None)) after connection broken by 'NewConnectionError('<urllib3.connection.HTTPConnection object at 0x7fd9fc5967e0>: Failed to establish a new connection: [Errno 111] Connection refused')': /session/9fdee61a5ac4a9599193c89282cab9ec/element/f.103B8F43AF98593E23E7DF176ED374F9.d.04D346C432548363DE7BDEFA761A6080.e.1259/element
2024-12-25 01:21:46,402 - WARNING - Retrying (Retry(total=0, connect=None, read=None, redirect=None, status=None)) after connection broken by 'NewConnectionError('<urllib3.connection.HTTPConnection object at 0x7fd9fbc6c290>: Failed to establish a new connection: [Errno 111] Connection refused')': /session/9fdee61a5ac4a9599193c89282cab9ec/element/f.103B8F43AF98593E23E7DF176ED374F9.d.04D346C432548363DE7BDEFA761A6080.e.1259/element
2024-12-25 01:21:46,402 - ERROR - Error occurred while processing result 30: HTTPConnectionPool(host='localhost', port=56279): Max retries exceeded with url: /session/9fdee61a5ac4a9599193c89282cab9ec/element/f.103B8F43AF98593E23E7DF176ED374F9.d.04D346C432548363DE7BDEFA761A6080.e.1259/element (Caused by NewConnectionError('<urllib3.connection.HTTPConnection object at 0x7fd9fbc6c830>: Failed to establish a new connection: [Errno 111] Connection refused'))
2024-12-25 01:21:46,405 - WARNING - Retrying (Retry(total=2, connect=None, read=None, redirect=None, status=None)) after connection broken by 'NewConnectionError('<urllib3.connection.HTTPConnection object at 0x7fd9fbc6cc20>: Failed to establish a new connection: [Errno 111] Connection refused')': /session/9fdee61a5ac4a9599193c89282cab9ec/element/f.103B8F43AF98593E23E7DF176ED374F9.d.04D346C432548363DE7BDEFA761A6080.e.1259/element
2024-12-25 01:21:46,405 - WARNING - Retrying (Retry(total=1, connect=None, read=None, redirect=None, status=None)) after connection broken by 'NewConnectionError('<urllib3.connection.HTTPConnection object at 0x7fd9fc596930>: Failed to establish a new connection: [Errno 111] Connection refused')': /session/9fdee61a5ac4a9599193c89282cab9ec/element/f.103B8F43AF98593E23E7DF176ED374F9.d.04D346C432548363DE7BDEFA761A6080.e.1259/element
2024-12-25 01:21:46,405 - WARNING - Retrying (Retry(total=0, connect=None, read=None, redirect=None, status=None)) after connection broken by 'NewConnectionError('<urllib3.connection.HTTPConnection object at 0x7fd9fc595cd0>: Failed to establish a new connection: [Errno 111] Connection refused')': /session/9fdee61a5ac4a9599193c89282cab9ec/element/f.103B8F43AF98593E23E7DF176ED374F9.d.04D346C432548363DE7BDEFA761A6080.e.1259/element
2024-12-25 01:21:46,406 - ERROR - Unexpected error extracting website link for result 30: HTTPConnectionPool(host='localhost', port=56279): Max retries exceeded with url: /session/9fdee61a5ac4a9599193c89282cab9ec/element/f.103B8F43AF98593E23E7DF176ED374F9.d.04D346C432548363DE7BDEFA761A6080.e.1259/element (Caused by NewConnectionError('<urllib3.connection.HTTPConnection object at 0x7fd9fbc3b2c0>: Failed to establish a new connection: [Errno 111] Connection refused'))
